2024-10-31 09:52:59,494 INFO [http-nio-9990-exec-2] o.a.c.c.C.[.[.[/] [DirectJDKLog.java:173] 
Initializing Spring DispatcherServlet 'dispatcherServlet'
2024-10-31 09:52:59,506 INFO [http-nio-9990-exec-2] o.s.w.s.DispatcherServlet [FrameworkServlet.java:525] 
Initializing Servlet 'dispatcherServlet'
2024-10-31 09:52:59,506 DEBUG [http-nio-9990-exec-2] o.s.w.s.DispatcherServlet [DispatcherServlet.java:521] 
Detected StandardServletMultipartResolver
2024-10-31 09:52:59,507 DEBUG [http-nio-9990-exec-2] o.s.w.s.DispatcherServlet [DispatcherServlet.java:545] 
Detected AcceptHeaderLocaleResolver
2024-10-31 09:52:59,507 DEBUG [http-nio-9990-exec-2] o.s.w.s.DispatcherServlet [DispatcherServlet.java:570] 
Detected FixedThemeResolver
2024-10-31 09:52:59,517 DEBUG [http-nio-9990-exec-2] o.s.w.s.DispatcherServlet [DispatcherServlet.java:720] 
Detected org.springframework.web.servlet.view.DefaultRequestToViewNameTranslator@2a523604
2024-10-31 09:52:59,517 DEBUG [http-nio-9990-exec-2] o.s.w.s.DispatcherServlet [DispatcherServlet.java:784] 
Detected org.springframework.web.servlet.support.SessionFlashMapManager@2888414f
2024-10-31 09:52:59,517 DEBUG [http-nio-9990-exec-2] o.s.w.s.DispatcherServlet [FrameworkServlet.java:542] 
enableLoggingRequestDetails='false': request parameters and headers will be masked to prevent unsafe logging of potentially sensitive data
2024-10-31 09:52:59,518 INFO [http-nio-9990-exec-2] o.s.w.s.DispatcherServlet [FrameworkServlet.java:547] 
Completed initialization in 12 ms
2024-10-31 09:52:59,534 DEBUG [http-nio-9990-exec-2] o.s.w.s.DispatcherServlet [LogFormatUtils.java:119] 
POST "/api/v2/getCompanyData", parameters={}
2024-10-31 09:52:59,553 DEBUG [http-nio-9990-exec-2] o.s.w.s.m.m.a.RequestMappingHandlerMapping [AbstractHandlerMapping.java:522] 
Mapped to com.nws.api.controller.DiamControllerVer2#getCompanyData(Envelope, HttpServletRequest, HttpServletResponse)
2024-10-31 09:52:59,574 INFO [http-nio-9990-exec-2] c.n.a.i.BaseInterceptor [BaseInterceptor.java:52] 
Inside prehandle
2024-10-31 09:52:59,612 INFO [http-nio-9990-exec-2] c.n.a.i.BaseInterceptor [BaseInterceptor.java:557] 
############Request Processing started for request-id Test23456022357-PROD and esbURL is /api/v2/getCompanyData
2024-10-31 09:52:59,627 INFO [http-nio-9990-exec-2] c.n.a.f.GetDetails [GetDetails.java:20] 
Inside getEncryption status.. for service code getCompanyData
2024-10-31 09:53:00,446 DEBUG [http-nio-9990-exec-2] c.n.a.f.GetDetails [GetDetails.java:33] 
Encryption status is N
2024-10-31 09:53:00,463 INFO [http-nio-9990-exec-2] c.n.a.i.BaseInterceptor [BaseInterceptor.java:594] 
Inside DDOS filtering
2024-10-31 09:53:00,464 INFO [http-nio-9990-exec-2] c.n.a.f.GetDetails [GetDetails.java:170] 
Inside get error codes.
2024-10-31 09:53:00,545 INFO [http-nio-9990-exec-2] c.n.a.f.AuthenticationFilter [AuthenticationFilter.java:30] 
inside request param validation
2024-10-31 09:53:00,546 INFO [http-nio-9990-exec-2] c.n.a.f.AuthenticationFilter [AuthenticationFilter.java:76] 
In Timestamp validation
2024-10-31 09:53:00,546 INFO [http-nio-9990-exec-2] c.n.a.f.AuthenticationFilter [AuthenticationFilter.java:82] 
The timestamp difference is--
2024-10-31 09:53:00,547 ERROR [http-nio-9990-exec-2] c.n.a.i.BaseInterceptor [BaseInterceptor.java:661] 
Invalid timestamp
2024-10-31 09:53:00,548 INFO [http-nio-9990-exec-2] c.n.a.p.ExceptionProcessor [ExceptionProcessor.java:28] 
Auditing records in AuditDataProcessor.
2024-10-31 09:53:00,631 INFO [pool-2-thread-1] c.n.a.p.ExceptionProcessor [ExceptionProcessor.java:80] 
Auditing in database.
2024-10-31 09:53:00,639 DEBUG [http-nio-9990-exec-2] o.s.w.s.DispatcherServlet [FrameworkServlet.java:1131] 
Completed 200 OK
2024-10-31 09:53:37,518 DEBUG [http-nio-9990-exec-3] o.s.w.s.DispatcherServlet [LogFormatUtils.java:119] 
POST "/api/v2/getCompanyData", parameters={}
2024-10-31 09:53:37,519 DEBUG [http-nio-9990-exec-3] o.s.w.s.m.m.a.RequestMappingHandlerMapping [AbstractHandlerMapping.java:522] 
Mapped to com.nws.api.controller.DiamControllerVer2#getCompanyData(Envelope, HttpServletRequest, HttpServletResponse)
2024-10-31 09:53:37,519 INFO [http-nio-9990-exec-3] c.n.a.i.BaseInterceptor [BaseInterceptor.java:52] 
Inside prehandle
2024-10-31 09:53:37,520 INFO [http-nio-9990-exec-3] c.n.a.i.BaseInterceptor [BaseInterceptor.java:557] 
############Request Processing started for request-id Test23456022357-PROD and esbURL is /api/v2/getCompanyData
2024-10-31 09:53:37,521 INFO [http-nio-9990-exec-3] c.n.a.f.GetDetails [GetDetails.java:20] 
Inside getEncryption status.. for service code getCompanyData
2024-10-31 09:53:37,587 DEBUG [http-nio-9990-exec-3] c.n.a.f.GetDetails [GetDetails.java:33] 
Encryption status is N
2024-10-31 09:53:37,588 INFO [http-nio-9990-exec-3] c.n.a.i.BaseInterceptor [BaseInterceptor.java:594] 
Inside DDOS filtering
2024-10-31 09:53:37,589 INFO [http-nio-9990-exec-3] c.n.a.f.GetDetails [GetDetails.java:170] 
Inside get error codes.
2024-10-31 09:53:37,660 INFO [http-nio-9990-exec-3] c.n.a.f.AuthenticationFilter [AuthenticationFilter.java:30] 
inside request param validation
2024-10-31 09:53:37,660 INFO [http-nio-9990-exec-3] c.n.a.f.AuthenticationFilter [AuthenticationFilter.java:76] 
In Timestamp validation
2024-10-31 09:53:37,661 INFO [http-nio-9990-exec-3] c.n.a.f.AuthenticationFilter [AuthenticationFilter.java:82] 
The timestamp difference is--
2024-10-31 09:53:37,661 INFO [http-nio-9990-exec-3] c.n.a.f.AuthenticationFilter [AuthenticationFilter.java:122] 
Validating auth key for consumerCode AMR with auth key 7b138069c3f14c96a8944c819354d76b
2024-10-31 09:53:37,661 INFO [http-nio-9990-exec-3] c.n.a.f.AuthenticationFilter [AuthenticationFilter.java:139] 
Inside getAuthKeyFromDB..
2024-10-31 09:53:37,728 INFO [http-nio-9990-exec-3] c.n.a.f.AuthenticationFilter [AuthenticationFilter.java:124] 
Auth Key from DB for Consumer code AMR is  7b138069c3f14c96a8944c819354d76b
2024-10-31 09:53:37,728 INFO [http-nio-9990-exec-3] c.n.a.f.AuthenticationFilter [AuthenticationFilter.java:139] 
Inside getAuthKeyFromDB..
2024-10-31 09:53:37,809 INFO [http-nio-9990-exec-3] c.n.a.f.AuthenticationFilter [AuthenticationFilter.java:175] 
Whitelist Process Starts here....
2024-10-31 09:53:37,810 INFO [http-nio-9990-exec-3] c.n.a.f.AuthenticationFilter [AuthenticationFilter.java:187] 
Inside is whiteListed
2024-10-31 09:53:37,886 ERROR [http-nio-9990-exec-3] c.n.a.f.AuthenticationFilter [AuthenticationFilter.java:192] 
Access Denied.
2024-10-31 09:53:37,887 INFO [http-nio-9990-exec-3] c.n.a.p.ExceptionProcessor [ExceptionProcessor.java:28] 
Auditing records in AuditDataProcessor.
2024-10-31 09:53:37,952 INFO [pool-3-thread-1] c.n.a.p.ExceptionProcessor [ExceptionProcessor.java:80] 
Auditing in database.
2024-10-31 09:53:37,954 DEBUG [http-nio-9990-exec-3] o.s.w.s.DispatcherServlet [FrameworkServlet.java:1131] 
Completed 200 OK
2024-10-31 09:54:30,447 DEBUG [http-nio-9990-exec-4] o.s.w.s.DispatcherServlet [LogFormatUtils.java:119] 
POST "/api/v2/getCompanyData", parameters={}
2024-10-31 09:54:30,448 DEBUG [http-nio-9990-exec-4] o.s.w.s.m.m.a.RequestMappingHandlerMapping [AbstractHandlerMapping.java:522] 
Mapped to com.nws.api.controller.DiamControllerVer2#getCompanyData(Envelope, HttpServletRequest, HttpServletResponse)
2024-10-31 09:54:30,448 INFO [http-nio-9990-exec-4] c.n.a.i.BaseInterceptor [BaseInterceptor.java:52] 
Inside prehandle
2024-10-31 09:54:30,450 INFO [http-nio-9990-exec-4] c.n.a.i.BaseInterceptor [BaseInterceptor.java:557] 
############Request Processing started for request-id Test23456022357-PROD and esbURL is /api/v2/getCompanyData
2024-10-31 09:54:30,451 INFO [http-nio-9990-exec-4] c.n.a.f.GetDetails [GetDetails.java:20] 
Inside getEncryption status.. for service code getCompanyData
2024-10-31 09:54:30,518 DEBUG [http-nio-9990-exec-4] c.n.a.f.GetDetails [GetDetails.java:33] 
Encryption status is N
2024-10-31 09:54:30,519 INFO [http-nio-9990-exec-4] c.n.a.i.BaseInterceptor [BaseInterceptor.java:594] 
Inside DDOS filtering
2024-10-31 09:54:30,520 INFO [http-nio-9990-exec-4] c.n.a.f.GetDetails [GetDetails.java:170] 
Inside get error codes.
2024-10-31 09:54:30,607 INFO [http-nio-9990-exec-4] c.n.a.f.AuthenticationFilter [AuthenticationFilter.java:30] 
inside request param validation
2024-10-31 09:54:30,607 INFO [http-nio-9990-exec-4] c.n.a.f.AuthenticationFilter [AuthenticationFilter.java:76] 
In Timestamp validation
2024-10-31 09:54:30,608 INFO [http-nio-9990-exec-4] c.n.a.f.AuthenticationFilter [AuthenticationFilter.java:82] 
The timestamp difference is--
2024-10-31 09:54:30,608 ERROR [http-nio-9990-exec-4] c.n.a.i.BaseInterceptor [BaseInterceptor.java:661] 
Invalid timestamp
2024-10-31 09:54:30,608 INFO [http-nio-9990-exec-4] c.n.a.p.ExceptionProcessor [ExceptionProcessor.java:28] 
Auditing records in AuditDataProcessor.
2024-10-31 09:54:30,676 INFO [pool-4-thread-1] c.n.a.p.ExceptionProcessor [ExceptionProcessor.java:80] 
Auditing in database.
2024-10-31 09:54:30,680 DEBUG [http-nio-9990-exec-4] o.s.w.s.DispatcherServlet [FrameworkServlet.java:1131] 
Completed 200 OK
2024-10-31 09:54:43,618 DEBUG [http-nio-9990-exec-5] o.s.w.s.DispatcherServlet [LogFormatUtils.java:119] 
POST "/api/v2/getCompanyData", parameters={}
2024-10-31 09:54:43,619 DEBUG [http-nio-9990-exec-5] o.s.w.s.m.m.a.RequestMappingHandlerMapping [AbstractHandlerMapping.java:522] 
Mapped to com.nws.api.controller.DiamControllerVer2#getCompanyData(Envelope, HttpServletRequest, HttpServletResponse)
2024-10-31 09:54:43,619 INFO [http-nio-9990-exec-5] c.n.a.i.BaseInterceptor [BaseInterceptor.java:52] 
Inside prehandle
2024-10-31 09:54:43,620 INFO [http-nio-9990-exec-5] c.n.a.i.BaseInterceptor [BaseInterceptor.java:557] 
############Request Processing started for request-id Test23456022357-PROD and esbURL is /api/v2/getCompanyData
2024-10-31 09:54:43,620 INFO [http-nio-9990-exec-5] c.n.a.f.GetDetails [GetDetails.java:20] 
Inside getEncryption status.. for service code getCompanyData
2024-10-31 09:54:43,680 DEBUG [http-nio-9990-exec-5] c.n.a.f.GetDetails [GetDetails.java:33] 
Encryption status is N
2024-10-31 09:54:43,682 INFO [http-nio-9990-exec-5] c.n.a.i.BaseInterceptor [BaseInterceptor.java:594] 
Inside DDOS filtering
2024-10-31 09:54:43,682 INFO [http-nio-9990-exec-5] c.n.a.f.GetDetails [GetDetails.java:170] 
Inside get error codes.
2024-10-31 09:54:43,747 INFO [http-nio-9990-exec-5] c.n.a.f.AuthenticationFilter [AuthenticationFilter.java:30] 
inside request param validation
2024-10-31 09:54:43,747 INFO [http-nio-9990-exec-5] c.n.a.f.AuthenticationFilter [AuthenticationFilter.java:76] 
In Timestamp validation
2024-10-31 09:54:43,747 INFO [http-nio-9990-exec-5] c.n.a.f.AuthenticationFilter [AuthenticationFilter.java:82] 
The timestamp difference is--
2024-10-31 09:54:43,747 INFO [http-nio-9990-exec-5] c.n.a.f.AuthenticationFilter [AuthenticationFilter.java:122] 
Validating auth key for consumerCode ESP with auth key 36997d562e054a318475c4025b913338
