2024-10-31 09:50:04,643 DEBUG [main] o.s.b.f.s.DefaultListableBeanFactory [ConstructorResolver.java:808] 
Autowiring by type from bean name 'servletWebServerFactoryCustomizer' via factory method to bean named 'server-org.springframework.boot.autoconfigure.web.ServerProperties'
2024-10-31 09:50:04,650 DEBUG [main] o.s.b.f.s.DefaultListableBeanFactory [DefaultSingletonBeanRegistry.java:225] 
Creating shared instance of singleton bean 'tomcatServletWebServerFactoryCustomizer'
2024-10-31 09:50:04,652 DEBUG [main] o.s.b.f.s.DefaultListableBeanFactory [ConstructorResolver.java:808] 
Autowiring by type from bean name 'tomcatServletWebServerFactoryCustomizer' via factory method to bean named 'server-org.springframework.boot.autoconfigure.web.ServerProperties'
2024-10-31 09:50:04,655 DEBUG [main] o.s.b.f.s.DefaultListableBeanFactory [DefaultSingletonBeanRegistry.java:225] 
Creating shared instance of singleton bean 'tomcatWebServerFactoryCustomizer'
2024-10-31 09:50:04,668 DEBUG [main] o.s.b.f.s.DefaultListableBeanFactory [DefaultSingletonBeanRegistry.java:225] 
Creating shared instance of singleton bean 'org.springframework.boot.autoconfigure.web.embedded.EmbeddedWebServerFactoryCustomizerAutoConfiguration$TomcatWebServerFactoryCustomizerConfiguration'
2024-10-31 09:50:04,675 DEBUG [main] o.s.b.f.s.DefaultListableBeanFactory [ConstructorResolver.java:808] 
Autowiring by type from bean name 'tomcatWebServerFactoryCustomizer' via factory method to bean named 'environment'
2024-10-31 09:50:04,681 DEBUG [main] o.s.b.f.s.DefaultListableBeanFactory [ConstructorResolver.java:808] 
Autowiring by type from bean name 'tomcatWebServerFactoryCustomizer' via factory method to bean named 'server-org.springframework.boot.autoconfigure.web.ServerProperties'
2024-10-31 09:50:04,684 DEBUG [main] o.s.b.f.s.DefaultListableBeanFactory [DefaultSingletonBeanRegistry.java:225] 
Creating shared instance of singleton bean 'localeCharsetMappingsCustomizer'
2024-10-31 09:50:04,687 DEBUG [main] o.s.b.f.s.DefaultListableBeanFactory [DefaultSingletonBeanRegistry.java:225] 
Creating shared instance of singleton bean 'org.springframework.boot.autoconfigure.web.servlet.HttpEncodingAutoConfiguration'
2024-10-31 09:50:04,693 DEBUG [main] o.s.b.f.s.DefaultListableBeanFactory [ConstructorResolver.java:808] 
Autowiring by type from bean name 'org.springframework.boot.autoconfigure.web.servlet.HttpEncodingAutoConfiguration' via constructor to bean named 'server-org.springframework.boot.autoconfigure.web.ServerProperties'
2024-10-31 09:50:04,728 DEBUG [main] o.s.b.f.s.DefaultListableBeanFactory [DefaultSingletonBeanRegistry.java:225] 
Creating shared instance of singleton bean 'errorPageCustomizer'
2024-10-31 09:50:04,730 DEBUG [main] o.s.b.f.s.DefaultListableBeanFactory [DefaultSingletonBeanRegistry.java:225] 
Creating shared instance of singleton bean 'org.springframework.boot.autoconfigure.web.servlet.error.ErrorMvcAutoConfiguration'
2024-10-31 09:50:04,731 DEBUG [main] o.s.b.f.s.DefaultListableBeanFactory [ConstructorResolver.java:808] 
Autowiring by type from bean name 'org.springframework.boot.autoconfigure.web.servlet.error.ErrorMvcAutoConfiguration' via constructor to bean named 'server-org.springframework.boot.autoconfigure.web.ServerProperties'
2024-10-31 09:50:04,734 DEBUG [main] o.s.b.f.s.DefaultListableBeanFactory [DefaultSingletonBeanRegistry.java:225] 
Creating shared instance of singleton bean 'dispatcherServletRegistration'
2024-10-31 09:50:04,736 DEBUG [main] o.s.b.f.s.DefaultListableBeanFactory [DefaultSingletonBeanRegistry.java:225] 
Creating shared instance of singleton bean 'org.springframework.boot.autoconfigure.web.servlet.DispatcherServletAutoConfiguration$DispatcherServletRegistrationConfiguration'
2024-10-31 09:50:04,738 DEBUG [main] o.s.b.f.s.DefaultListableBeanFactory [DefaultSingletonBeanRegistry.java:225] 
Creating shared instance of singleton bean 'dispatcherServlet'
2024-10-31 09:50:04,742 DEBUG [main] o.s.b.f.s.DefaultListableBeanFactory [DefaultSingletonBeanRegistry.java:225] 
Creating shared instance of singleton bean 'org.springframework.boot.autoconfigure.web.servlet.DispatcherServletAutoConfiguration$DispatcherServletConfiguration'
2024-10-31 09:50:04,746 DEBUG [main] o.s.b.f.s.DefaultListableBeanFactory [DefaultSingletonBeanRegistry.java:225] 
Creating shared instance of singleton bean 'spring.mvc-org.springframework.boot.autoconfigure.web.servlet.WebMvcProperties'
2024-10-31 09:50:04,755 DEBUG [main] o.s.b.f.s.DefaultListableBeanFactory [ConstructorResolver.java:808] 
Autowiring by type from bean name 'dispatcherServlet' via factory method to bean named 'spring.mvc-org.springframework.boot.autoconfigure.web.servlet.WebMvcProperties'
2024-10-31 09:50:04,775 DEBUG [main] o.s.b.f.s.DefaultListableBeanFactory [ConstructorResolver.java:808] 
Autowiring by type from bean name 'dispatcherServletRegistration' via factory method to bean named 'dispatcherServlet'
2024-10-31 09:50:04,778 DEBUG [main] o.s.b.f.s.DefaultListableBeanFactory [ConstructorResolver.java:808] 
Autowiring by type from bean name 'dispatcherServletRegistration' via factory method to bean named 'spring.mvc-org.springframework.boot.autoconfigure.web.servlet.WebMvcProperties'
2024-10-31 09:50:04,781 DEBUG [main] o.s.b.f.s.DefaultListableBeanFactory [DefaultSingletonBeanRegistry.java:225] 
Creating shared instance of singleton bean 'multipartConfigElement'
2024-10-31 09:50:04,786 DEBUG [main] o.s.b.f.s.DefaultListableBeanFactory [DefaultSingletonBeanRegistry.java:225] 
Creating shared instance of singleton bean 'org.springframework.boot.autoconfigure.web.servlet.MultipartAutoConfiguration'
2024-10-31 09:50:04,788 DEBUG [main] o.s.b.f.s.DefaultListableBeanFactory [DefaultSingletonBeanRegistry.java:225] 
Creating shared instance of singleton bean 'spring.servlet.multipart-org.springframework.boot.autoconfigure.web.servlet.MultipartProperties'
2024-10-31 09:50:04,794 DEBUG [main] o.s.b.f.s.DefaultListableBeanFactory [ConstructorResolver.java:808] 
Autowiring by type from bean name 'org.springframework.boot.autoconfigure.web.servlet.MultipartAutoConfiguration' via constructor to bean named 'spring.servlet.multipart-org.springframework.boot.autoconfigure.web.servlet.MultipartProperties'
2024-10-31 09:50:04,805 DEBUG [main] o.s.b.f.s.DefaultListableBeanFactory [ConstructorResolver.java:808] 
Autowiring by type from bean name 'errorPageCustomizer' via factory method to bean named 'dispatcherServletRegistration'
2024-10-31 09:50:04,939 DEBUG [main] o.s.b.w.e.t.TomcatServletWebServerFactory [DocumentRoot.java:81] 
Code archive: C:\Users\PAMIDMGMT.OWWSC\.m2\repository\org\springframework\boot\spring-boot\2.7.9\spring-boot-2.7.9.jar
2024-10-31 09:50:04,940 DEBUG [main] o.s.b.w.e.t.TomcatServletWebServerFactory [DocumentRoot.java:125] 
Code archive: C:\Users\PAMIDMGMT.OWWSC\.m2\repository\org\springframework\boot\spring-boot\2.7.9\spring-boot-2.7.9.jar
2024-10-31 09:50:04,941 DEBUG [main] o.s.b.w.e.t.TomcatServletWebServerFactory [DocumentRoot.java:69] 
Document root: D:\allConfigData\NwsMiddleware\src\main\webapp
2024-10-31 09:50:04,976 INFO [main] o.s.b.w.e.t.TomcatWebServer [TomcatWebServer.java:108] 
Tomcat initialized with port(s): 9990 (http)
2024-10-31 09:50:04,990 INFO [main] o.a.c.h.Http11NioProtocol [DirectJDKLog.java:173] 
Initializing ProtocolHandler ["http-nio-9990"]
2024-10-31 09:50:04,991 INFO [main] o.a.c.c.StandardService [DirectJDKLog.java:173] 
Starting service [Tomcat]
2024-10-31 09:50:04,992 INFO [main] o.a.c.c.StandardEngine [DirectJDKLog.java:173] 
Starting Servlet engine: [Apache Tomcat/9.0.71]
2024-10-31 09:50:05,174 INFO [main] o.a.c.c.C.[.[.[/] [DirectJDKLog.java:173] 
Initializing Spring embedded WebApplicationContext
2024-10-31 09:50:05,178 DEBUG [main] o.s.b.w.s.c.ServletWebServerApplicationContext [ServletWebServerApplicationContext.java:286] 
Published root WebApplicationContext as ServletContext attribute with name [org.springframework.web.context.WebApplicationContext.ROOT]
2024-10-31 09:50:05,179 INFO [main] o.s.b.w.s.c.ServletWebServerApplicationContext [ServletWebServerApplicationContext.java:292] 
Root WebApplicationContext: initialization completed in 1689 ms
2024-10-31 09:50:05,183 DEBUG [main] o.s.b.f.s.DefaultListableBeanFactory [DefaultSingletonBeanRegistry.java:225] 
Creating shared instance of singleton bean 'messageDispatcherServlet'
2024-10-31 09:50:05,184 DEBUG [main] o.s.b.f.s.DefaultListableBeanFactory [DefaultSingletonBeanRegistry.java:225] 
Creating shared instance of singleton bean 'org.springframework.boot.autoconfigure.webservices.WebServicesAutoConfiguration'
2024-10-31 09:50:05,188 DEBUG [main] o.s.b.f.s.DefaultListableBeanFactory [DefaultSingletonBeanRegistry.java:225] 
Creating shared instance of singleton bean 'spring.webservices-org.springframework.boot.autoconfigure.webservices.WebServicesProperties'
2024-10-31 09:50:05,192 DEBUG [main] o.s.b.f.s.DefaultListableBeanFactory [ConstructorResolver.java:808] 
Autowiring by type from bean name 'messageDispatcherServlet' via factory method to bean named 'org.springframework.boot.web.servlet.context.AnnotationConfigServletWebServerApplicationContext@756cf158'
2024-10-31 09:50:05,193 DEBUG [main] o.s.b.f.s.DefaultListableBeanFactory [ConstructorResolver.java:808] 
Autowiring by type from bean name 'messageDispatcherServlet' via factory method to bean named 'spring.webservices-org.springframework.boot.autoconfigure.webservices.WebServicesProperties'
2024-10-31 09:50:05,200 DEBUG [main] o.s.b.f.s.DefaultListableBeanFactory [DefaultSingletonBeanRegistry.java:225] 
Creating shared instance of singleton bean 'requestContextFilter'
2024-10-31 09:50:05,203 DEBUG [main] o.s.b.f.s.DefaultListableBeanFactory [DefaultSingletonBeanRegistry.java:225] 
Creating shared instance of singleton bean 'formContentFilter'
2024-10-31 09:50:05,206 DEBUG [main] o.s.b.f.s.DefaultListableBeanFactory [DefaultSingletonBeanRegistry.java:225] 
Creating shared instance of singleton bean 'org.springframework.boot.autoconfigure.web.servlet.WebMvcAutoConfiguration'
2024-10-31 09:50:05,211 DEBUG [main] o.s.b.f.s.DefaultListableBeanFactory [DefaultSingletonBeanRegistry.java:225] 
Creating shared instance of singleton bean 'characterEncodingFilter'
2024-10-31 09:50:05,222 DEBUG [main] o.s.b.w.s.ServletContextInitializerBeans [ServletContextInitializerBeans.java:237] 
Mapping filters: characterEncodingFilter urls=[/*] order=-2147483648, formContentFilter urls=[/*] order=-9900, requestContextFilter urls=[/*] order=-105
2024-10-31 09:50:05,224 DEBUG [main] o.s.b.w.s.ServletContextInitializerBeans [ServletContextInitializerBeans.java:237] 
Mapping servlets: dispatcherServlet urls=[/], messageDispatcherServlet urls=[/services/*]
2024-10-31 09:50:05,264 DEBUG [main] o.s.b.w.s.f.OrderedRequestContextFilter [GenericFilterBean.java:242] 
Filter 'requestContextFilter' configured for use
