2024-11-01 05:12:57,723 INFO [http-nio-9990-exec-1] o.a.c.c.C.[.[.[/] [DirectJDKLog.java:173] 
Initializing Spring DispatcherServlet 'dispatcherServlet'
2024-11-01 05:12:57,733 INFO [http-nio-9990-exec-1] o.s.w.s.DispatcherServlet [FrameworkServlet.java:525] 
Initializing Servlet 'dispatcherServlet'
2024-11-01 05:12:57,733 DEBUG [http-nio-9990-exec-1] o.s.w.s.DispatcherServlet [DispatcherServlet.java:521] 
Detected StandardServletMultipartResolver
2024-11-01 05:12:57,733 DEBUG [http-nio-9990-exec-1] o.s.w.s.DispatcherServlet [DispatcherServlet.java:545] 
Detected AcceptHeaderLocaleResolver
2024-11-01 05:12:57,733 DEBUG [http-nio-9990-exec-1] o.s.w.s.DispatcherServlet [DispatcherServlet.java:570] 
Detected FixedThemeResolver
2024-11-01 05:12:57,742 DEBUG [http-nio-9990-exec-1] o.s.w.s.DispatcherServlet [DispatcherServlet.java:720] 
Detected org.springframework.web.servlet.view.DefaultRequestToViewNameTranslator@7ca9332c
2024-11-01 05:12:57,742 DEBUG [http-nio-9990-exec-1] o.s.w.s.DispatcherServlet [DispatcherServlet.java:784] 
Detected org.springframework.web.servlet.support.SessionFlashMapManager@709d0038
2024-11-01 05:12:57,743 DEBUG [http-nio-9990-exec-1] o.s.w.s.DispatcherServlet [FrameworkServlet.java:542] 
enableLoggingRequestDetails='false': request parameters and headers will be masked to prevent unsafe logging of potentially sensitive data
2024-11-01 05:12:57,743 INFO [http-nio-9990-exec-1] o.s.w.s.DispatcherServlet [FrameworkServlet.java:547] 
Completed initialization in 10 ms
2024-11-01 05:12:57,759 DEBUG [http-nio-9990-exec-1] o.s.w.s.DispatcherServlet [LogFormatUtils.java:119] 
POST "/api/v2/getCompanyData", parameters={}
2024-11-01 05:12:57,772 DEBUG [http-nio-9990-exec-1] o.s.w.s.m.m.a.RequestMappingHandlerMapping [AbstractHandlerMapping.java:522] 
Mapped to com.nws.api.controller.DiamControllerVer2#getCompanyData(String, HttpServletRequest, HttpServletResponse)
2024-11-01 05:12:57,772 INFO [http-nio-9990-exec-1] c.n.a.i.BaseInterceptor [BaseInterceptor.java:52] 
Inside prehandle
2024-11-01 05:12:57,808 INFO [http-nio-9990-exec-1] c.n.a.i.BaseInterceptor [BaseInterceptor.java:232] 
############Request Processing started for request-id ab and esbURL is /api/v2/getCompanyData
2024-11-01 05:12:57,815 INFO [http-nio-9990-exec-1] c.n.a.f.GetDetails [GetDetails.java:20] 
Inside getEncryption status.. for service code getCompanyData
2024-11-01 05:12:58,493 DEBUG [http-nio-9990-exec-1] c.n.a.f.GetDetails [GetDetails.java:33] 
Encryption status is N
2024-11-01 05:12:58,496 INFO [http-nio-9990-exec-1] c.n.a.i.BaseInterceptor [BaseInterceptor.java:269] 
Inside DDOS filtering
2024-11-01 05:12:58,496 INFO [http-nio-9990-exec-1] c.n.a.f.GetDetails [GetDetails.java:170] 
Inside get error codes.
2024-11-01 05:12:58,575 INFO [http-nio-9990-exec-1] c.n.a.f.AuthenticationFilter [AuthenticationFilter.java:30] 
inside request param validation
2024-11-01 05:12:58,578 INFO [http-nio-9990-exec-1] c.n.a.f.AuthenticationFilter [AuthenticationFilter.java:76] 
In Timestamp validation
2024-11-01 05:12:58,579 INFO [http-nio-9990-exec-1] c.n.a.f.AuthenticationFilter [AuthenticationFilter.java:82] 
The timestamp difference is--
2024-11-01 05:12:58,579 INFO [http-nio-9990-exec-1] c.n.a.f.AuthenticationFilter [AuthenticationFilter.java:122] 
Validating auth key for consumerCode ESP with auth key 36997d562e054a318475c4025b913338
2024-11-01 05:12:58,579 INFO [http-nio-9990-exec-1] c.n.a.f.AuthenticationFilter [AuthenticationFilter.java:139] 
Inside getAuthKeyFromDB..
2024-11-01 05:12:58,660 INFO [http-nio-9990-exec-1] c.n.a.f.AuthenticationFilter [AuthenticationFilter.java:124] 
Auth Key from DB for Consumer code ESP is  36997d562e054a318475c4025b913338
2024-11-01 05:12:58,664 INFO [http-nio-9990-exec-1] c.n.a.f.AuthenticationFilter [AuthenticationFilter.java:139] 
Inside getAuthKeyFromDB..
2024-11-01 05:12:58,739 INFO [http-nio-9990-exec-1] c.n.a.f.AuthenticationFilter [AuthenticationFilter.java:175] 
Whitelist Process Starts here....
2024-11-01 05:12:58,739 INFO [http-nio-9990-exec-1] c.n.a.f.AuthenticationFilter [AuthenticationFilter.java:187] 
Inside is whiteListed
2024-11-01 05:12:58,812 DEBUG [http-nio-9990-exec-1] c.n.a.f.AuthenticationFilter [AuthenticationFilter.java:234] 
Consumer allowed for getCompanyData
2024-11-01 05:12:58,834 DEBUG [http-nio-9990-exec-1] o.s.w.s.m.m.a.RequestResponseBodyMethodProcessor [LogFormatUtils.java:119] 
Read "application/json;charset=UTF-8" to ["<soapenv:Envelope xmlns:soapenv="http://schemas.xmlsoap.org/soap/envelope/" xmlns:cr="http://www.inv (truncated)..."]
2024-11-01 05:12:58,843 INFO [http-nio-9990-exec-1] c.n.a.c.DiamControllerVer2 [DiamControllerVer2.java:826] 
Entered::AbstractEmailDelivery::getRestTemplate()
2024-11-01 05:12:58,880 DEBUG [http-nio-9990-exec-1] o.s.w.c.RestTemplate [CompositeLog.java:127] 
HTTP POST http://localhost:9095/SoapRopWebApp/ropservice/getCompanyData
2024-11-01 05:12:58,883 DEBUG [http-nio-9990-exec-1] o.s.w.c.RestTemplate [CompositeLog.java:127] 
Accept=[text/plain, application/json, application/*+json, */*]
2024-11-01 05:12:58,888 DEBUG [http-nio-9990-exec-1] o.s.w.c.RestTemplate [CompositeLog.java:127] 
Writing [<soapenv:Envelope xmlns:soapenv="http://schemas.xmlsoap.org/soap/envelope/" xmlns:cr="http://www.investeasy.gov.om/schema/cr-2.1">
   <soapenv:Header/>
   <soapenv:Body>
      <cr:companyOverviewRequest>
         <wsRequestHeader>
            <requestId>6</requestId>
            <requestDateTime>2016-04-12T00:00:00.000+04:00</requestDateTime>
            <serviceRequester>PAEW_WSCR</serviceRequester>
            <password>P@3W_WSC8</password>
         </wsRequestHeader>
         <wsRequestBody>
            <crNumber>1234039</crNumber>
         </wsRequestBody>
      </cr:companyOverviewRequest>
   </soapenv:Body>
</soapenv:Envelope>] as "application/xml"
2024-11-01 05:13:00,802 DEBUG [http-nio-9990-exec-1] o.s.w.c.RestTemplate [CompositeLog.java:127] 
Response 200 OK
2024-11-01 05:13:00,804 DEBUG [http-nio-9990-exec-1] o.s.w.c.RestTemplate [CompositeLog.java:127] 
Reading to [java.lang.String] as "application/xml;charset=UTF-8"
2024-11-01 05:13:00,913 DEBUG [http-nio-9990-exec-1] o.s.w.s.m.m.a.HttpEntityMethodProcessor [AbstractMessageConverterMethodProcessor.java:268] 
Using 'application/xml', given [*/*] and supported [application/xml]
2024-11-01 05:13:00,914 DEBUG [http-nio-9990-exec-1] o.s.w.s.m.m.a.HttpEntityMethodProcessor [LogFormatUtils.java:119] 
Writing ["<response><responseHeader><esbStatus> SUCCESS</esbStatus><targetStatus> SUCCESS </targetStatus><esbR (truncated)..."]
2024-11-01 05:13:01,695 INFO [http-nio-9990-exec-1] c.n.a.p.AuditLogProcessor [AuditLogProcessor.java:31] 
Auditing records in AuditData Processor.
2024-11-01 05:13:01,812 INFO [pool-2-thread-1] c.n.a.p.AuditLogProcessor [AuditLogProcessor.java:83] 
Auditing in database.
2024-11-01 05:13:01,816 DEBUG [http-nio-9990-exec-1] o.s.w.s.DispatcherServlet [FrameworkServlet.java:1131] 
Completed 200 OK
2024-11-01 05:13:54,129 DEBUG [http-nio-9990-exec-3] o.s.w.s.DispatcherServlet [LogFormatUtils.java:119] 
POST "/api/v2/getpersoninformation", parameters={}
2024-11-01 05:13:54,130 DEBUG [http-nio-9990-exec-3] o.s.w.s.m.m.a.RequestMappingHandlerMapping [AbstractHandlerMapping.java:522] 
Mapped to com.nws.api.controller.DiamControllerVer2#getPersonInformation(String, HttpServletRequest, HttpServletResponse)
2024-11-01 05:13:54,130 INFO [http-nio-9990-exec-3] c.n.a.i.BaseInterceptor [BaseInterceptor.java:52] 
Inside prehandle
2024-11-01 05:13:54,131 INFO [http-nio-9990-exec-3] c.n.a.i.BaseInterceptor [BaseInterceptor.java:232] 
############Request Processing started for request-id ab and esbURL is /api/v2/getpersoninformation
2024-11-01 05:13:54,131 INFO [http-nio-9990-exec-3] c.n.a.f.GetDetails [GetDetails.java:20] 
Inside getEncryption status.. for service code getpersoninformation
2024-11-01 05:13:54,202 DEBUG [http-nio-9990-exec-3] c.n.a.f.GetDetails [GetDetails.java:33] 
Encryption status is N
2024-11-01 05:13:54,204 INFO [http-nio-9990-exec-3] c.n.a.i.BaseInterceptor [BaseInterceptor.java:269] 
Inside DDOS filtering
2024-11-01 05:13:54,205 INFO [http-nio-9990-exec-3] c.n.a.f.GetDetails [GetDetails.java:170] 
Inside get error codes.
2024-11-01 05:13:54,282 INFO [http-nio-9990-exec-3] c.n.a.f.AuthenticationFilter [AuthenticationFilter.java:30] 
inside request param validation
2024-11-01 05:13:54,282 INFO [http-nio-9990-exec-3] c.n.a.f.AuthenticationFilter [AuthenticationFilter.java:76] 
In Timestamp validation
2024-11-01 05:13:54,282 INFO [http-nio-9990-exec-3] c.n.a.f.AuthenticationFilter [AuthenticationFilter.java:82] 
The timestamp difference is--
2024-11-01 05:13:54,283 ERROR [http-nio-9990-exec-3] c.n.a.i.BaseInterceptor [BaseInterceptor.java:333] 
Invalid timestamp
2024-11-01 05:13:54,283 INFO [http-nio-9990-exec-3] c.n.a.p.ExceptionProcessor [ExceptionProcessor.java:28] 
Auditing records in AuditDataProcessor.
2024-11-01 05:13:54,354 INFO [pool-3-thread-1] c.n.a.p.ExceptionProcessor [ExceptionProcessor.java:80] 
Auditing in database.
2024-11-01 05:13:54,356 DEBUG [http-nio-9990-exec-3] o.s.w.s.DispatcherServlet [FrameworkServlet.java:1131] 
Completed 200 OK
2024-11-01 05:14:10,595 DEBUG [http-nio-9990-exec-4] o.s.w.s.DispatcherServlet [LogFormatUtils.java:119] 
POST "/api/v2/getpersoninformation", parameters={}
2024-11-01 05:14:10,595 DEBUG [http-nio-9990-exec-4] o.s.w.s.m.m.a.RequestMappingHandlerMapping [AbstractHandlerMapping.java:522] 
Mapped to com.nws.api.controller.DiamControllerVer2#getPersonInformation(String, HttpServletRequest, HttpServletResponse)
2024-11-01 05:14:10,596 INFO [http-nio-9990-exec-4] c.n.a.i.BaseInterceptor [BaseInterceptor.java:52] 
Inside prehandle
2024-11-01 05:14:10,596 INFO [http-nio-9990-exec-4] c.n.a.i.BaseInterceptor [BaseInterceptor.java:232] 
############Request Processing started for request-id ab and esbURL is /api/v2/getpersoninformation
2024-11-01 05:14:10,602 INFO [http-nio-9990-exec-4] c.n.a.f.GetDetails [GetDetails.java:20] 
Inside getEncryption status.. for service code getpersoninformation
2024-11-01 05:14:10,667 DEBUG [http-nio-9990-exec-4] c.n.a.f.GetDetails [GetDetails.java:33] 
Encryption status is N
2024-11-01 05:14:10,670 INFO [http-nio-9990-exec-4] c.n.a.i.BaseInterceptor [BaseInterceptor.java:269] 
Inside DDOS filtering
2024-11-01 05:14:10,670 INFO [http-nio-9990-exec-4] c.n.a.f.GetDetails [GetDetails.java:170] 
Inside get error codes.
2024-11-01 05:14:10,752 INFO [http-nio-9990-exec-4] c.n.a.f.AuthenticationFilter [AuthenticationFilter.java:30] 
inside request param validation
2024-11-01 05:14:10,753 INFO [http-nio-9990-exec-4] c.n.a.f.AuthenticationFilter [AuthenticationFilter.java:76] 
In Timestamp validation
2024-11-01 05:14:10,753 INFO [http-nio-9990-exec-4] c.n.a.f.AuthenticationFilter [AuthenticationFilter.java:82] 
The timestamp difference is--
