2024-10-31 09:59:49,358 DEBUG [http-nio-9990-exec-1] o.s.w.s.m.m.a.RequestMappingHandlerMapping [AbstractHandlerMapping.java:522] 
Mapped to org.springframework.boot.autoconfigure.web.servlet.error.BasicErrorController#error(HttpServletRequest)
2024-10-31 09:59:49,383 DEBUG [http-nio-9990-exec-1] o.s.w.s.m.m.a.HttpEntityMethodProcessor [AbstractMessageConverterMethodProcessor.java:268] 
Using 'application/json', given [*/*] and supported [application/json, application/*+json, application/json, application/*+json]
2024-10-31 09:59:49,384 DEBUG [http-nio-9990-exec-1] o.s.w.s.m.m.a.HttpEntityMethodProcessor [LogFormatUtils.java:119] 
Writing [{timestamp=Thu Oct 31 09:59:49 GST 2024, status=500, error=Internal Server Error, path=/api/v2/getCo (truncated)...]
2024-10-31 09:59:49,455 INFO [http-nio-9990-exec-1] c.n.a.p.AuditLogProcessor [AuditLogProcessor.java:31] 
Auditing records in AuditData Processor.
2024-10-31 09:59:49,526 ERROR [pool-3-thread-1] c.n.a.p.AuditLogProcessor [AuditLogProcessor.java:87] 
Exception while Auditing records null
2024-10-31 09:59:49,530 DEBUG [http-nio-9990-exec-1] o.s.w.s.DispatcherServlet [FrameworkServlet.java:1127] 
Exiting from "ERROR" dispatch, status 500
2024-10-31 12:20:54,695 INFO [RMI TCP Connection(150)-127.0.0.1] o.s.b.a.SpringApplicationAdminMXBeanRegistrar$SpringApplicationAdmin [SpringApplicationAdminMXBeanRegistrar.java:159] 
Application shutdown requested.
2024-10-31 12:20:54,695 DEBUG [RMI TCP Connection(150)-127.0.0.1] o.s.b.a.ApplicationAvailabilityBean [ApplicationAvailabilityBean.java:77] 
Application availability state ReadinessState changed from ACCEPTING_TRAFFIC to REFUSING_TRAFFIC
2024-10-31 12:20:54,696 DEBUG [RMI TCP Connection(150)-127.0.0.1] o.s.b.w.s.c.AnnotationConfigServletWebServerApplicationContext [AbstractApplicationContext.java:1049] 
Closing org.springframework.boot.web.servlet.context.AnnotationConfigServletWebServerApplicationContext@2f058b8a, started on Thu Oct 31 09:59:36 GST 2024
2024-10-31 12:20:54,701 DEBUG [RMI TCP Connection(150)-127.0.0.1] o.s.c.s.DefaultLifecycleProcessor [DefaultLifecycleProcessor.java:365] 
Stopping beans in phase 2147483647
2024-10-31 12:20:54,704 DEBUG [RMI TCP Connection(150)-127.0.0.1] o.s.c.s.DefaultLifecycleProcessor [DefaultLifecycleProcessor.java:238] 
Bean 'webServerGracefulShutdown' completed its stop procedure
2024-10-31 12:20:54,705 DEBUG [RMI TCP Connection(150)-127.0.0.1] o.s.c.s.DefaultLifecycleProcessor [DefaultLifecycleProcessor.java:365] 
Stopping beans in phase 2147483646
2024-10-31 12:20:54,789 INFO [RMI TCP Connection(150)-127.0.0.1] o.a.c.h.Http11NioProtocol [DirectJDKLog.java:173] 
Pausing ProtocolHandler ["http-nio-9990"]
2024-10-31 12:20:54,791 INFO [RMI TCP Connection(150)-127.0.0.1] o.a.c.c.StandardService [DirectJDKLog.java:173] 
Stopping service [Tomcat]
2024-10-31 12:20:54,798 INFO [RMI TCP Connection(150)-127.0.0.1] o.a.c.c.C.[.[.[/] [DirectJDKLog.java:173] 
Destroying Spring FrameworkServlet 'dispatcherServlet'
2024-10-31 12:20:54,806 WARN [RMI TCP Connection(150)-127.0.0.1] o.a.c.l.WebappClassLoaderBase [DirectJDKLog.java:173] 
The web application [ROOT] appears to have started a thread named [logback-7] but has failed to stop it. This is very likely to create a memory leak. Stack trace of thread:
 java.base@11.0.10/jdk.internal.misc.Unsafe.park(Native Method)
 java.base@11.0.10/java.util.concurrent.locks.LockSupport.park(LockSupport.java:194)
 java.base@11.0.10/java.util.concurrent.locks.AbstractQueuedSynchronizer$ConditionObject.await(AbstractQueuedSynchronizer.java:2081)
 java.base@11.0.10/java.util.concurrent.ScheduledThreadPoolExecutor$DelayedWorkQueue.take(ScheduledThreadPoolExecutor.java:1170)
 java.base@11.0.10/java.util.concurrent.ScheduledThreadPoolExecutor$DelayedWorkQueue.take(ScheduledThreadPoolExecutor.java:899)
 java.base@11.0.10/java.util.concurrent.ThreadPoolExecutor.getTask(ThreadPoolExecutor.java:1054)
 java.base@11.0.10/java.util.concurrent.ThreadPoolExecutor.runWorker(ThreadPoolExecutor.java:1114)
 java.base@11.0.10/java.util.concurrent.ThreadPoolExecutor$Worker.run(ThreadPoolExecutor.java:628)
 java.base@11.0.10/java.lang.Thread.run(Thread.java:834)
2024-10-31 12:20:54,808 WARN [RMI TCP Connection(150)-127.0.0.1] o.a.c.l.WebappClassLoaderBase [DirectJDKLog.java:173] 
The web application [ROOT] appears to have started a thread named [Timer-0] but has failed to stop it. This is very likely to create a memory leak. Stack trace of thread:
 java.base@11.0.10/java.lang.Object.wait(Native Method)
 java.base@11.0.10/java.lang.Object.wait(Object.java:328)
 java.base@11.0.10/java.util.TimerThread.mainLoop(Timer.java:527)
 java.base@11.0.10/java.util.TimerThread.run(Timer.java:506)
2024-10-31 12:20:54,810 WARN [RMI TCP Connection(150)-127.0.0.1] o.a.c.l.WebappClassLoaderBase [DirectJDKLog.java:173] 
The web application [ROOT] appears to have started a thread named [oracle.jdbc.driver.BlockSource.ThreadedCachingBlockSource.BlockReleaser] but has failed to stop it. This is very likely to create a memory leak. Stack trace of thread:
 java.base@11.0.10/java.lang.Object.wait(Native Method)
 app//oracle.jdbc.driver.BlockSource$ThreadedCachingBlockSource$BlockReleaser.run(BlockSource.java:331)
2024-10-31 12:20:54,812 WARN [RMI TCP Connection(150)-127.0.0.1] o.a.c.l.WebappClassLoaderBase [DirectJDKLog.java:173] 
The web application [ROOT] appears to have started a thread named [InterruptTimer] but has failed to stop it. This is very likely to create a memory leak. Stack trace of thread:
 java.base@11.0.10/java.lang.Object.wait(Native Method)
 java.base@11.0.10/java.util.TimerThread.mainLoop(Timer.java:553)
 java.base@11.0.10/java.util.TimerThread.run(Timer.java:506)
2024-10-31 12:20:54,814 WARN [RMI TCP Connection(150)-127.0.0.1] o.a.c.l.WebappClassLoaderBase [DirectJDKLog.java:173] 
The web application [ROOT] appears to have started a thread named [logback-8] but has failed to stop it. This is very likely to create a memory leak. Stack trace of thread:
 java.base@11.0.10/jdk.internal.misc.Unsafe.park(Native Method)
 java.base@11.0.10/java.util.concurrent.locks.LockSupport.park(LockSupport.java:194)
 java.base@11.0.10/java.util.concurrent.locks.AbstractQueuedSynchronizer$ConditionObject.await(AbstractQueuedSynchronizer.java:2081)
 java.base@11.0.10/java.util.concurrent.ScheduledThreadPoolExecutor$DelayedWorkQueue.take(ScheduledThreadPoolExecutor.java:1170)
 java.base@11.0.10/java.util.concurrent.ScheduledThreadPoolExecutor$DelayedWorkQueue.take(ScheduledThreadPoolExecutor.java:899)
 java.base@11.0.10/java.util.concurrent.ThreadPoolExecutor.getTask(ThreadPoolExecutor.java:1054)
 java.base@11.0.10/java.util.concurrent.ThreadPoolExecutor.runWorker(ThreadPoolExecutor.java:1114)
 java.base@11.0.10/java.util.concurrent.ThreadPoolExecutor$Worker.run(ThreadPoolExecutor.java:628)
 java.base@11.0.10/java.lang.Thread.run(Thread.java:834)
2024-10-31 12:20:54,818 INFO [RMI TCP Connection(150)-127.0.0.1] o.a.c.h.Http11NioProtocol [DirectJDKLog.java:173] 
Stopping ProtocolHandler ["http-nio-9990"]
2024-10-31 12:20:54,832 INFO [RMI TCP Connection(150)-127.0.0.1] o.a.c.h.Http11NioProtocol [DirectJDKLog.java:173] 
Destroying ProtocolHandler ["http-nio-9990"]
2024-10-31 12:20:54,836 DEBUG [RMI TCP Connection(150)-127.0.0.1] o.s.c.s.DefaultLifecycleProcessor [DefaultLifecycleProcessor.java:238] 
Bean 'webServerStartStop' completed its stop procedure
2024-10-31 12:20:54,836 DEBUG [RMI TCP Connection(150)-127.0.0.1] o.s.c.s.DefaultLifecycleProcessor [DefaultLifecycleProcessor.java:365] 
Stopping beans in phase -2147483647
2024-10-31 12:20:54,837 DEBUG [RMI TCP Connection(150)-127.0.0.1] o.s.c.s.DefaultLifecycleProcessor [DefaultLifecycleProcessor.java:238] 
Bean 'springBootLoggingLifecycle' completed its stop procedure
2024-10-31 12:20:54,839 DEBUG [RMI TCP Connection(150)-127.0.0.1] o.s.j.e.a.AnnotationMBeanExporter [MBeanExporter.java:452] 
Unregistering JMX-exposed beans on shutdown
2024-10-31 12:20:54,841 DEBUG [RMI TCP Connection(150)-127.0.0.1] o.s.s.c.ThreadPoolTaskExecutor [ExecutorConfigurationSupport.java:218] 
Shutting down ExecutorService 'applicationTaskExecutor'
2024-10-31 12:36:53,494 INFO [main] c.n.a.NwsMiddlewareApplication [StartupInfoLogger.java:55] 
Starting NwsMiddlewareApplication using Java 11.0.10 on DIAM-ITAMIDWARE with PID 132928 (D:\allConfigData\NwsMiddleware\target\classes started by PAMIDMGMT in D:\allConfigData\NwsMiddleware)
2024-10-31 12:36:53,498 DEBUG [main] c.n.a.NwsMiddlewareApplication [StartupInfoLogger.java:56] 
Running with Spring Boot v2.7.9, Spring v5.3.25
2024-10-31 12:36:53,499 INFO [main] c.n.a.NwsMiddlewareApplication [SpringApplication.java:631] 
No active profile set, falling back to 1 default profile: "default"
2024-10-31 12:36:53,500 DEBUG [main] o.s.b.SpringApplication [SpringApplication.java:664] 
Loading source class com.nws.api.NwsMiddlewareApplication
2024-10-31 12:36:53,577 DEBUG [main] o.s.b.w.s.c.AnnotationConfigServletWebServerApplicationContext [AbstractApplicationContext.java:629] 
Refreshing org.springframework.boot.web.servlet.context.AnnotationConfigServletWebServerApplicationContext@2f058b8a
2024-10-31 12:36:53,604 DEBUG [main] o.s.b.f.s.DefaultListableBeanFactory [DefaultSingletonBeanRegistry.java:225] 
Creating shared instance of singleton bean 'org.springframework.context.annotation.internalConfigurationAnnotationProcessor'
2024-10-31 12:36:53,623 DEBUG [main] o.s.b.f.s.DefaultListableBeanFactory [DefaultSingletonBeanRegistry.java:225] 
Creating shared instance of singleton bean 'org.springframework.boot.autoconfigure.internalCachingMetadataReaderFactory'
2024-10-31 12:36:53,687 DEBUG [main] o.s.c.a.ClassPathBeanDefinitionScanner [ClassPathScanningCandidateComponentProvider.java:435] 
Identified candidate component class: file [D:\allConfigData\NwsMiddleware\target\classes\com\nws\api\config\WebConfig.class]
2024-10-31 12:36:53,713 DEBUG [main] o.s.c.a.ClassPathBeanDefinitionScanner [ClassPathScanningCandidateComponentProvider.java:435] 
Identified candidate component class: file [D:\allConfigData\NwsMiddleware\target\classes\com\nws\api\controller\Controllers.class]
2024-10-31 12:36:53,716 DEBUG [main] o.s.c.a.ClassPathBeanDefinitionScanner [ClassPathScanningCandidateComponentProvider.java:435] 
Identified candidate component class: file [D:\allConfigData\NwsMiddleware\target\classes\com\nws\api\controller\DiamControllerVer1.class]
2024-10-31 12:36:53,718 DEBUG [main] o.s.c.a.ClassPathBeanDefinitionScanner [ClassPathScanningCandidateComponentProvider.java:435] 
Identified candidate component class: file [D:\allConfigData\NwsMiddleware\target\classes\com\nws\api\controller\DiamControllerVer2.class]
2024-10-31 12:36:53,719 DEBUG [main] o.s.c.a.ClassPathBeanDefinitionScanner [ClassPathScanningCandidateComponentProvider.java:435] 
Identified candidate component class: file [D:\allConfigData\NwsMiddleware\target\classes\com\nws\api\esb\ConnectionHelper.class]
2024-10-31 12:36:53,722 DEBUG [main] o.s.c.a.ClassPathBeanDefinitionScanner [ClassPathScanningCandidateComponentProvider.java:435] 
Identified candidate component class: file [D:\allConfigData\NwsMiddleware\target\classes\com\nws\api\exception\GlobalExceptionHandler.class]
2024-10-31 12:36:53,723 DEBUG [main] o.s.c.a.ClassPathBeanDefinitionScanner [ClassPathScanningCandidateComponentProvider.java:435] 
Identified candidate component class: file [D:\allConfigData\NwsMiddleware\target\classes\com\nws\api\interceptor\BaseInterceptor.class]
2024-10-31 12:36:53,729 DEBUG [main] o.s.c.a.ClassPathBeanDefinitionScanner [ClassPathScanningCandidateComponentProvider.java:435] 
Identified candidate component class: file [D:\allConfigData\NwsMiddleware\target\classes\com\nws\api\service\DiamServiceVer1.class]
