2024-10-31 12:46:12,988 DEBUG [main] o.s.c.a.ClassPathBeanDefinitionScanner [ClassPathScanningCandidateComponentProvider.java:435] 
Identified candidate component class: file [D:\allConfigData\NwsMiddleware\target\classes\com\nws\api\service\DiamServiceVer2.class]
2024-10-31 12:46:12,992 DEBUG [main] o.s.c.a.ClassPathBeanDefinitionScanner [ClassPathScanningCandidateComponentProvider.java:435] 
Identified candidate component class: file [D:\allConfigData\NwsMiddleware\target\classes\com\nws\api\service\GetRecordCSHandlerVer1.class]
2024-10-31 12:46:12,992 DEBUG [main] o.s.c.a.ClassPathBeanDefinitionScanner [ClassPathScanningCandidateComponentProvider.java:435] 
Identified candidate component class: file [D:\allConfigData\NwsMiddleware\target\classes\com\nws\api\service\GetRecordCSHandlerVer2.class]
2024-10-31 12:46:12,995 DEBUG [main] o.s.c.a.ClassPathBeanDefinitionScanner [ClassPathScanningCandidateComponentProvider.java:435] 
Identified candidate component class: file [D:\allConfigData\NwsMiddleware\target\classes\com\nws\api\service\GetRecordGISCSHandlerVer1.class]
2024-10-31 12:46:12,995 DEBUG [main] o.s.c.a.ClassPathBeanDefinitionScanner [ClassPathScanningCandidateComponentProvider.java:435] 
Identified candidate component class: file [D:\allConfigData\NwsMiddleware\target\classes\com\nws\api\service\GetRecordGISCSHandlerVer2.class]
2024-10-31 12:46:13,028 DEBUG [main] o.s.c.a.ClassPathBeanDefinitionScanner [ClassPathScanningCandidateComponentProvider.java:435] 
Identified candidate component class: file [D:\allConfigData\NwsMiddleware\target\classes\com\nws\api\utils\DBUtils.class]
2024-10-31 12:46:13,754 DEBUG [main] o.s.b.f.s.DefaultListableBeanFactory [DefaultSingletonBeanRegistry.java:225] 
Creating shared instance of singleton bean 'propertySourcesPlaceholderConfigurer'
2024-10-31 12:46:13,764 DEBUG [main] o.s.b.f.s.DefaultListableBeanFactory [DefaultSingletonBeanRegistry.java:225] 
Creating shared instance of singleton bean 'org.springframework.boot.sql.init.dependency.DatabaseInitializationDependencyConfigurer$DependsOnDatabaseInitializationPostProcessor'
2024-10-31 12:46:13,775 DEBUG [main] o.s.b.f.s.DefaultListableBeanFactory [DefaultSingletonBeanRegistry.java:225] 
Creating shared instance of singleton bean 'org.springframework.context.event.internalEventListenerProcessor'
2024-10-31 12:46:13,776 DEBUG [main] o.s.b.f.s.DefaultListableBeanFactory [DefaultSingletonBeanRegistry.java:225] 
Creating shared instance of singleton bean 'preserveErrorControllerTargetClassPostProcessor'
2024-10-31 12:46:13,777 DEBUG [main] o.s.b.f.s.DefaultListableBeanFactory [DefaultSingletonBeanRegistry.java:225] 
Creating shared instance of singleton bean 'forceAutoProxyCreatorToUseClassProxying'
2024-10-31 12:46:13,780 DEBUG [main] o.s.b.f.s.DefaultListableBeanFactory [DefaultSingletonBeanRegistry.java:225] 
Creating shared instance of singleton bean 'org.springframework.context.event.internalEventListenerFactory'
2024-10-31 12:46:13,805 DEBUG [main] o.s.b.f.s.DefaultListableBeanFactory [DefaultSingletonBeanRegistry.java:225] 
Creating shared instance of singleton bean 'org.springframework.context.annotation.internalAutowiredAnnotationProcessor'
2024-10-31 12:46:13,811 DEBUG [main] o.s.b.f.s.DefaultListableBeanFactory [DefaultSingletonBeanRegistry.java:225] 
Creating shared instance of singleton bean 'org.springframework.context.annotation.internalCommonAnnotationProcessor'
2024-10-31 12:46:13,819 DEBUG [main] o.s.b.f.s.DefaultListableBeanFactory [DefaultSingletonBeanRegistry.java:225] 
Creating shared instance of singleton bean 'org.springframework.boot.context.properties.ConfigurationPropertiesBindingPostProcessor'
2024-10-31 12:46:13,821 DEBUG [main] o.s.b.f.s.DefaultListableBeanFactory [DefaultSingletonBeanRegistry.java:225] 
Creating shared instance of singleton bean 'org.springframework.boot.context.internalConfigurationPropertiesBinder'
2024-10-31 12:46:13,825 DEBUG [main] o.s.b.f.s.DefaultListableBeanFactory [DefaultSingletonBeanRegistry.java:225] 
Creating shared instance of singleton bean 'org.springframework.boot.context.internalConfigurationPropertiesBinderFactory'
2024-10-31 12:46:13,830 DEBUG [main] o.s.b.f.s.DefaultListableBeanFactory [DefaultSingletonBeanRegistry.java:225] 
Creating shared instance of singleton bean 'annotationActionEndpointMapping'
2024-10-31 12:46:13,832 DEBUG [main] o.s.b.f.s.DefaultListableBeanFactory [DefaultSingletonBeanRegistry.java:225] 
Creating shared instance of singleton bean 'org.springframework.ws.config.annotation.DelegatingWsConfiguration'
2024-10-31 12:46:13,851 INFO [main] o.s.c.s.PostProcessorRegistrationDelegate$BeanPostProcessorChecker [PostProcessorRegistrationDelegate.java:376] 
Bean 'org.springframework.ws.config.annotation.DelegatingWsConfiguration' of type [org.springframework.ws.config.annotation.DelegatingWsConfiguration$$EnhancerBySpringCGLIB$$2ca6fda8] is not eligible for getting processed by all BeanPostProcessors (for example: not eligible for auto-proxying)
2024-10-31 12:46:13,953 INFO [main] o.s.w.s.a.s.AnnotationActionEndpointMapping [AbstractAddressingEndpointMapping.java:239] 
Supporting [WS-Addressing August 2004, WS-Addressing 1.0]
2024-10-31 12:46:13,956 DEBUG [main] o.s.b.f.s.DefaultListableBeanFactory [DefaultSingletonBeanRegistry.java:225] 
Creating shared instance of singleton bean 'org.springframework.aop.config.internalAutoProxyCreator'
2024-10-31 12:46:13,978 DEBUG [main] o.s.b.f.s.DefaultListableBeanFactory [DefaultSingletonBeanRegistry.java:225] 
Creating shared instance of singleton bean 'webServerFactoryCustomizerBeanPostProcessor'
2024-10-31 12:46:13,979 DEBUG [main] o.s.b.f.s.DefaultListableBeanFactory [DefaultSingletonBeanRegistry.java:225] 
Creating shared instance of singleton bean 'errorPageRegistrarBeanPostProcessor'
2024-10-31 12:46:13,984 DEBUG [main] o.s.u.c.s.UiApplicationContextUtils [UiApplicationContextUtils.java:85] 
Unable to locate ThemeSource with name 'themeSource': using default [org.springframework.ui.context.support.ResourceBundleThemeSource@6014a9ba]
2024-10-31 12:46:13,985 DEBUG [main] o.s.b.f.s.DefaultListableBeanFactory [DefaultSingletonBeanRegistry.java:225] 
Creating shared instance of singleton bean 'tomcatServletWebServerFactory'
2024-10-31 12:46:13,991 DEBUG [main] o.s.b.f.s.DefaultListableBeanFactory [DefaultSingletonBeanRegistry.java:225] 
Creating shared instance of singleton bean 'org.springframework.boot.autoconfigure.web.servlet.ServletWebServerFactoryConfiguration$EmbeddedTomcat'
2024-10-31 12:46:14,057 DEBUG [main] o.s.b.f.s.DefaultListableBeanFactory [DefaultSingletonBeanRegistry.java:225] 
Creating shared instance of singleton bean 'websocketServletWebServerCustomizer'
2024-10-31 12:46:14,061 DEBUG [main] o.s.b.f.s.DefaultListableBeanFactory [DefaultSingletonBeanRegistry.java:225] 
Creating shared instance of singleton bean 'org.springframework.boot.autoconfigure.websocket.servlet.WebSocketServletAutoConfiguration$TomcatWebSocketConfiguration'
2024-10-31 12:46:14,064 DEBUG [main] o.s.b.f.s.DefaultListableBeanFactory [DefaultSingletonBeanRegistry.java:225] 
Creating shared instance of singleton bean 'servletWebServerFactoryCustomizer'
2024-10-31 12:46:14,066 DEBUG [main] o.s.b.f.s.DefaultListableBeanFactory [DefaultSingletonBeanRegistry.java:225] 
Creating shared instance of singleton bean 'org.springframework.boot.autoconfigure.web.servlet.ServletWebServerFactoryAutoConfiguration'
2024-10-31 12:46:14,073 DEBUG [main] o.s.b.f.s.DefaultListableBeanFactory [DefaultSingletonBeanRegistry.java:225] 
Creating shared instance of singleton bean 'server-org.springframework.boot.autoconfigure.web.ServerProperties'
2024-10-31 12:46:14,083 DEBUG [main] o.s.b.f.s.DefaultListableBeanFactory [DefaultSingletonBeanRegistry.java:225] 
Creating shared instance of singleton bean 'org.springframework.boot.context.properties.BoundConfigurationProperties'
2024-10-31 12:46:14,131 DEBUG [main] o.s.b.f.s.DefaultListableBeanFactory [ConstructorResolver.java:808] 
Autowiring by type from bean name 'servletWebServerFactoryCustomizer' via factory method to bean named 'server-org.springframework.boot.autoconfigure.web.ServerProperties'
2024-10-31 12:46:14,138 DEBUG [main] o.s.b.f.s.DefaultListableBeanFactory [DefaultSingletonBeanRegistry.java:225] 
Creating shared instance of singleton bean 'tomcatServletWebServerFactoryCustomizer'
2024-10-31 12:46:14,141 DEBUG [main] o.s.b.f.s.DefaultListableBeanFactory [ConstructorResolver.java:808] 
Autowiring by type from bean name 'tomcatServletWebServerFactoryCustomizer' via factory method to bean named 'server-org.springframework.boot.autoconfigure.web.ServerProperties'
2024-10-31 12:46:14,144 DEBUG [main] o.s.b.f.s.DefaultListableBeanFactory [DefaultSingletonBeanRegistry.java:225] 
Creating shared instance of singleton bean 'tomcatWebServerFactoryCustomizer'
2024-10-31 12:46:14,146 DEBUG [main] o.s.b.f.s.DefaultListableBeanFactory [DefaultSingletonBeanRegistry.java:225] 
Creating shared instance of singleton bean 'org.springframework.boot.autoconfigure.web.embedded.EmbeddedWebServerFactoryCustomizerAutoConfiguration$TomcatWebServerFactoryCustomizerConfiguration'
2024-10-31 12:46:14,148 DEBUG [main] o.s.b.f.s.DefaultListableBeanFactory [ConstructorResolver.java:808] 
Autowiring by type from bean name 'tomcatWebServerFactoryCustomizer' via factory method to bean named 'environment'
2024-10-31 12:46:14,150 DEBUG [main] o.s.b.f.s.DefaultListableBeanFactory [ConstructorResolver.java:808] 
Autowiring by type from bean name 'tomcatWebServerFactoryCustomizer' via factory method to bean named 'server-org.springframework.boot.autoconfigure.web.ServerProperties'
2024-10-31 12:46:14,153 DEBUG [main] o.s.b.f.s.DefaultListableBeanFactory [DefaultSingletonBeanRegistry.java:225] 
Creating shared instance of singleton bean 'localeCharsetMappingsCustomizer'
2024-10-31 12:46:14,154 DEBUG [main] o.s.b.f.s.DefaultListableBeanFactory [DefaultSingletonBeanRegistry.java:225] 
Creating shared instance of singleton bean 'org.springframework.boot.autoconfigure.web.servlet.HttpEncodingAutoConfiguration'
2024-10-31 12:46:14,160 DEBUG [main] o.s.b.f.s.DefaultListableBeanFactory [ConstructorResolver.java:808] 
Autowiring by type from bean name 'org.springframework.boot.autoconfigure.web.servlet.HttpEncodingAutoConfiguration' via constructor to bean named 'server-org.springframework.boot.autoconfigure.web.ServerProperties'
2024-10-31 12:46:14,213 DEBUG [main] o.s.b.f.s.DefaultListableBeanFactory [DefaultSingletonBeanRegistry.java:225] 
Creating shared instance of singleton bean 'errorPageCustomizer'
2024-10-31 12:46:14,216 DEBUG [main] o.s.b.f.s.DefaultListableBeanFactory [DefaultSingletonBeanRegistry.java:225] 
Creating shared instance of singleton bean 'org.springframework.boot.autoconfigure.web.servlet.error.ErrorMvcAutoConfiguration'
2024-10-31 12:46:14,219 DEBUG [main] o.s.b.f.s.DefaultListableBeanFactory [ConstructorResolver.java:808] 
Autowiring by type from bean name 'org.springframework.boot.autoconfigure.web.servlet.error.ErrorMvcAutoConfiguration' via constructor to bean named 'server-org.springframework.boot.autoconfigure.web.ServerProperties'
2024-10-31 12:46:14,224 DEBUG [main] o.s.b.f.s.DefaultListableBeanFactory [DefaultSingletonBeanRegistry.java:225] 
Creating shared instance of singleton bean 'dispatcherServletRegistration'
2024-10-31 12:46:14,233 DEBUG [main] o.s.b.f.s.DefaultListableBeanFactory [DefaultSingletonBeanRegistry.java:225] 
Creating shared instance of singleton bean 'org.springframework.boot.autoconfigure.web.servlet.DispatcherServletAutoConfiguration$DispatcherServletRegistrationConfiguration'
