2024-10-31 12:44:12,758 DEBUG [main] o.s.b.f.s.DefaultListableBeanFactory [ConstructorResolver.java:808] 
Autowiring by type from bean name 'welcomePageHandlerMapping' via factory method to bean named 'mvcConversionService'
2024-10-31 12:44:12,771 DEBUG [main] o.s.b.f.s.DefaultListableBeanFactory [ConstructorResolver.java:808] 
Autowiring by type from bean name 'welcomePageHandlerMapping' via factory method to bean named 'mvcResourceUrlProvider'
2024-10-31 12:44:12,786 DEBUG [main] o.s.b.f.s.DefaultListableBeanFactory [DefaultSingletonBeanRegistry.java:225] 
Creating shared instance of singleton bean 'localeResolver'
2024-10-31 12:44:12,791 DEBUG [main] o.s.b.f.s.DefaultListableBeanFactory [DefaultSingletonBeanRegistry.java:225] 
Creating shared instance of singleton bean 'themeResolver'
2024-10-31 12:44:12,799 DEBUG [main] o.s.b.f.s.DefaultListableBeanFactory [DefaultSingletonBeanRegistry.java:225] 
Creating shared instance of singleton bean 'flashMapManager'
2024-10-31 12:44:12,804 DEBUG [main] o.s.b.f.s.DefaultListableBeanFactory [DefaultSingletonBeanRegistry.java:225] 
Creating shared instance of singleton bean 'requestMappingHandlerMapping'
2024-10-31 12:44:12,806 DEBUG [main] o.s.b.f.s.DefaultListableBeanFactory [ConstructorResolver.java:808] 
Autowiring by type from bean name 'requestMappingHandlerMapping' via factory method to bean named 'mvcContentNegotiationManager'
2024-10-31 12:44:12,808 DEBUG [main] o.s.b.f.s.DefaultListableBeanFactory [ConstructorResolver.java:808] 
Autowiring by type from bean name 'requestMappingHandlerMapping' via factory method to bean named 'mvcConversionService'
2024-10-31 12:44:12,808 DEBUG [main] o.s.b.f.s.DefaultListableBeanFactory [ConstructorResolver.java:808] 
Autowiring by type from bean name 'requestMappingHandlerMapping' via factory method to bean named 'mvcResourceUrlProvider'
2024-10-31 12:44:12,853 DEBUG [main] _.s.w.s.H.Mappings [AbstractHandlerMethodMapping.java:295] 

	c.n.a.c.Controllers:
	{GET [/api/v1/test]}: getName()
2024-10-31 12:44:12,863 DEBUG [main] _.s.w.s.H.Mappings [AbstractHandlerMethodMapping.java:295] 

	c.n.a.c.DiamControllerVer1:
	{POST [/api/v1/getmeterreading], produces [application/json]}: getMeterReading(HttpServletRequest,HttpServletResponse,MeterReading,Map)
	{GET [/api/v1/GetBillPdf], produces [application/json]}: getBillPdf(String,String,HttpServletRequest,HttpServletResponse,Map)
	{GET [/api/v1/getBillData], produces [application/json]}: getBillDataService(String,String,HttpServletRequest,HttpServletResponse,Map)
	{GET [/api/v1/GetBill64], produces [application/json]}: getBill64(String,String,HttpServletRequest,HttpServletResponse,Map)
	{GET [/api/v1/GetGISDetails/{accountId}/{lat}], produces [application/json]}: getRecordsGISServiceWithAccontIdAndLat(Optional,Optional,Optional,HttpServletRequest,HttpServletResponse,Map)
	{GET [/api/v1/GetGISDetails/{accountId}/{lat}/{long}], produces [application/json]}: getRecordsGISService(Optional,Optional,Optional,HttpServletRequest,HttpServletResponse,Map)
	{GET [/api/v1/GetGISDetails/{accountId}], produces [application/json]}: getRecordsGISServiceWithAccontId(Optional,Optional,Optional,HttpServletRequest,HttpServletResponse,Map)
	{GET [/api/v1/GetGISMap/{accountId}], produces [application/json]}: getRecordsCSOnlyAccountID(Optional,Optional,Optional,HttpServletRequest,HttpServletResponse)
	{POST [/api/v1/getplotdetailsbycrookie], produces [application/xml]}: getPlotDetailsByCrookie(Envelope,HttpServletRequest,HttpServletResponse)
	{GET [/api/v1/GetGroupBillDetails], produces [application/json]}: getGroupBillDetails(String,String,String,HttpServletRequest,HttpServletResponse,Map)
	{GET [/api/v1/GetGISMap/{accountId}/{lat}], produces [application/json]}: getRecordsCSOnlyAccountIDAndLat(Optional,Optional,Optional,HttpServletRequest,HttpServletResponse)
	{POST [/api/v1/getsocialbenefitdata], produces [application/xml]}: getSocialBenefitData(Envelope,HttpServletRequest,HttpServletResponse)
	{GET [/api/v1/GetBillsSummary], produces [application/json]}: getBillSummary(String,String,HttpServletRequest,HttpServletResponse,Map)
	{GET [/api/v1/GetGroupBillsInfo], produces [application/json]}: getGroupBillInfo(String,String,String,HttpServletRequest,HttpServletResponse,Map)
	{GET [/api/v1/InquiryPayment], produces [application/json]}: inquiryPayment(String,String,HttpServletRequest,HttpServletResponse,Map)
	{GET [/api/v1/GetGISMap/{accountId}/{lat}/{long}], produces [application/json]}: getRecordsCS(Optional,Optional,Optional,HttpServletRequest,HttpServletResponse)
	{GET [/api/v1/GetBillsDetails], produces [application/json]}: getBillDetails(String,String,HttpServletRequest,HttpServletResponse,Map)
2024-10-31 12:44:12,871 DEBUG [main] _.s.w.s.H.Mappings [AbstractHandlerMethodMapping.java:295] 

	c.n.a.c.DiamControllerVer2:
	{POST [/api/v2/getmeterreading], produces [application/json]}: getMeterReading(HttpServletRequest,HttpServletResponse,MeterReading,Map)
	{GET [/api/v2/GetBillPdf], produces [application/json]}: getBillPdf(String,String,HttpServletRequest,HttpServletResponse,Map)
	{GET [/api/v2/getBillData], produces [application/json]}: getBillDataService(String,String,HttpServletRequest,HttpServletResponse,Map)
	{GET [/api/v2/GetBill64], produces [application/json]}: getBill64(String,String,HttpServletRequest,HttpServletResponse,Map)
	{GET [/api/v2/GetGISDetails/{accountId}/{lat}], produces [application/json]}: getRecordsGISServiceWithAccontIdAndLat(Optional,Optional,Optional,HttpServletRequest,HttpServletResponse,Map)
	{GET [/api/v2/GetGISDetails/{accountId}/{lat}/{long}], produces [application/json]}: getRecordsGISService(Optional,Optional,Optional,HttpServletRequest,HttpServletResponse,Map)
	{GET [/api/v2/GetGISDetails/{accountId}], produces [application/json]}: getRecordsGISServiceWithAccontId(Optional,Optional,Optional,HttpServletRequest,HttpServletResponse,Map)
	{GET [/api/v2/GetGISMap/{accountId}], produces [application/json]}: getRecordsCSOnlyAccountID(Optional,Optional,Optional,HttpServletRequest,HttpServletResponse)
	{POST [/api/v2/getplotdetailsbycrookie], produces [application/xml]}: getPlotDetailsByCrookie(Envelope,HttpServletRequest,HttpServletResponse)
	{GET [/api/v2/GetGroupBillDetails], produces [application/json]}: getGroupBillDetails(String,String,String,HttpServletRequest,HttpServletResponse,Map)
	{GET [/api/v2/GetGISMap/{accountId}/{lat}], produces [application/json]}: getRecordsCSOnlyAccountIDAndLat(Optional,Optional,Optional,HttpServletRequest,HttpServletResponse)
	{POST [/api/v2/getsocialbenefitdata], produces [application/xml]}: getSocialBenefitData(Envelope,HttpServletRequest,HttpServletResponse)
	{POST [/api/v2/getplotdetailsbycrookieTest], produces [application/xml]}: getPlotDetailsByCrookieTest(Envelope,HttpServletRequest,HttpServletResponse)
	{POST [/api/v2/gettrafficinformaton], produces [application/xml]}: getTrafficInformation(String,HttpServletRequest,HttpServletResponse)
	{POST [/api/v2/getpersoninformation], produces [application/xml]}: getPersonInformation(String,HttpServletRequest,HttpServletResponse)
	{GET [/api/v2/getBillDataTest], produces [application/json]}: getBillDataService1(String,String)
	{GET [/api/v2/getDataFromDb]}: getEncryptionStatus(String)
	{GET [/api/v2/GetBillsSummary], produces [application/json]}: getBillSummary(String,String,HttpServletRequest,HttpServletResponse,Map)
	{GET [/api/v2/GetGroupBillsInfo], produces [application/json]}: getGroupBillInfo(String,String,String,HttpServletRequest,HttpServletResponse,Map)
	{GET [/api/v2/InquiryPayment], produces [application/json]}: inquiryPayment(String,String,HttpServletRequest,HttpServletResponse,Map)
	{POST [/api/v2/getCompanyData], produces [application/xml]}: getCompanyData(String,HttpServletRequest,HttpServletResponse)
	{GET [/api/v2/test]}: testApi()
	{GET [/api/v2/GetGISMap/{accountId}/{lat}/{long}], produces [application/json]}: getRecordsCS(Optional,Optional,Optional,HttpServletRequest,HttpServletResponse)
	{GET [/api/v2/GetBillsDetails], produces [application/json]}: getBillDetails(String,String,HttpServletRequest,HttpServletResponse,Map)
2024-10-31 12:44:12,877 DEBUG [main] _.s.w.s.H.Mappings [AbstractHandlerMethodMapping.java:295] 

	o.s.b.a.w.s.e.BasicErrorController:
	{ [/error]}: error(HttpServletRequest)
	{ [/error], produces [text/html]}: errorHtml(HttpServletRequest,HttpServletResponse)
2024-10-31 12:44:12,882 DEBUG [main] o.s.w.s.m.m.a.RequestMappingHandlerMapping [AbstractHandlerMethodMapping.java:367] 
44 mappings in 'requestMappingHandlerMapping'
2024-10-31 12:44:12,883 DEBUG [main] o.s.b.f.s.DefaultListableBeanFactory [DefaultSingletonBeanRegistry.java:225] 
Creating shared instance of singleton bean 'mvcPatternParser'
2024-10-31 12:44:12,884 DEBUG [main] o.s.b.f.s.DefaultListableBeanFactory [DefaultSingletonBeanRegistry.java:225] 
Creating shared instance of singleton bean 'mvcUrlPathHelper'
2024-10-31 12:44:12,886 DEBUG [main] o.s.b.f.s.DefaultListableBeanFactory [DefaultSingletonBeanRegistry.java:225] 
Creating shared instance of singleton bean 'mvcPathMatcher'
2024-10-31 12:44:12,887 DEBUG [main] o.s.b.f.s.DefaultListableBeanFactory [DefaultSingletonBeanRegistry.java:225] 
Creating shared instance of singleton bean 'viewControllerHandlerMapping'
2024-10-31 12:44:12,888 DEBUG [main] o.s.b.f.s.DefaultListableBeanFactory [ConstructorResolver.java:808] 
Autowiring by type from bean name 'viewControllerHandlerMapping' via factory method to bean named 'mvcConversionService'
2024-10-31 12:44:12,889 DEBUG [main] o.s.b.f.s.DefaultListableBeanFactory [ConstructorResolver.java:808] 
Autowiring by type from bean name 'viewControllerHandlerMapping' via factory method to bean named 'mvcResourceUrlProvider'
2024-10-31 12:44:12,889 DEBUG [main] o.s.b.f.s.DefaultListableBeanFactory [DefaultSingletonBeanRegistry.java:225] 
Creating shared instance of singleton bean 'beanNameHandlerMapping'
2024-10-31 12:44:12,890 DEBUG [main] o.s.b.f.s.DefaultListableBeanFactory [ConstructorResolver.java:808] 
Autowiring by type from bean name 'beanNameHandlerMapping' via factory method to bean named 'mvcConversionService'
2024-10-31 12:44:12,890 DEBUG [main] o.s.b.f.s.DefaultListableBeanFactory [ConstructorResolver.java:808] 
Autowiring by type from bean name 'beanNameHandlerMapping' via factory method to bean named 'mvcResourceUrlProvider'
2024-10-31 12:44:12,892 DEBUG [main] _.s.w.s.H.Mappings [AbstractDetectingUrlHandlerMapping.java:86] 
'beanNameHandlerMapping' {}
2024-10-31 12:44:12,893 DEBUG [main] o.s.b.f.s.DefaultListableBeanFactory [DefaultSingletonBeanRegistry.java:225] 
Creating shared instance of singleton bean 'routerFunctionMapping'
2024-10-31 12:44:12,894 DEBUG [main] o.s.b.f.s.DefaultListableBeanFactory [ConstructorResolver.java:808] 
Autowiring by type from bean name 'routerFunctionMapping' via factory method to bean named 'mvcConversionService'
2024-10-31 12:44:12,895 DEBUG [main] o.s.b.f.s.DefaultListableBeanFactory [ConstructorResolver.java:808] 
Autowiring by type from bean name 'routerFunctionMapping' via factory method to bean named 'mvcResourceUrlProvider'
2024-10-31 12:44:12,901 DEBUG [main] o.s.b.f.s.DefaultListableBeanFactory [DefaultSingletonBeanRegistry.java:225] 
Creating shared instance of singleton bean 'resourceHandlerMapping'
2024-10-31 12:44:12,902 DEBUG [main] o.s.b.f.s.DefaultListableBeanFactory [ConstructorResolver.java:808] 
Autowiring by type from bean name 'resourceHandlerMapping' via factory method to bean named 'mvcContentNegotiationManager'
2024-10-31 12:44:12,902 DEBUG [main] o.s.b.f.s.DefaultListableBeanFactory [ConstructorResolver.java:808] 
Autowiring by type from bean name 'resourceHandlerMapping' via factory method to bean named 'mvcConversionService'
2024-10-31 12:44:12,902 DEBUG [main] o.s.b.f.s.DefaultListableBeanFactory [ConstructorResolver.java:808] 
Autowiring by type from bean name 'resourceHandlerMapping' via factory method to bean named 'mvcResourceUrlProvider'
2024-10-31 12:44:12,921 DEBUG [main] _.s.w.s.H.Mappings [SimpleUrlHandlerMapping.java:177] 
'resourceHandlerMapping' {/webjars/**=ResourceHttpRequestHandler [classpath [META-INF/resources/webjars/]], /**=ResourceHttpRequestHandler [classpath [META-INF/resources/], classpath [resources/], classpath [static/], classpath [public/], ServletContext [/]]}
2024-10-31 12:44:12,929 DEBUG [main] o.s.b.f.s.DefaultListableBeanFactory [DefaultSingletonBeanRegistry.java:225] 
Creating shared instance of singleton bean 'defaultServletHandlerMapping'
2024-10-31 12:44:12,932 DEBUG [main] o.s.b.f.s.DefaultListableBeanFactory [DefaultSingletonBeanRegistry.java:225] 
Creating shared instance of singleton bean 'handlerFunctionAdapter'
2024-10-31 12:44:12,934 DEBUG [main] o.s.b.f.s.DefaultListableBeanFactory [DefaultSingletonBeanRegistry.java:225] 
Creating shared instance of singleton bean 'mvcUriComponentsContributor'
2024-10-31 12:44:12,937 DEBUG [main] o.s.b.f.s.DefaultListableBeanFactory [ConstructorResolver.java:808] 
Autowiring by type from bean name 'mvcUriComponentsContributor' via factory method to bean named 'mvcConversionService'
2024-10-31 12:44:12,938 DEBUG [main] o.s.b.f.s.DefaultListableBeanFactory [ConstructorResolver.java:808] 
Autowiring by type from bean name 'mvcUriComponentsContributor' via factory method to bean named 'requestMappingHandlerAdapter'
2024-10-31 12:44:12,941 DEBUG [main] o.s.b.f.s.DefaultListableBeanFactory [DefaultSingletonBeanRegistry.java:225] 
Creating shared instance of singleton bean 'httpRequestHandlerAdapter'
2024-10-31 12:44:12,945 DEBUG [main] o.s.b.f.s.DefaultListableBeanFactory [DefaultSingletonBeanRegistry.java:225] 
Creating shared instance of singleton bean 'simpleControllerHandlerAdapter'
2024-10-31 12:44:12,948 DEBUG [main] o.s.b.f.s.DefaultListableBeanFactory [DefaultSingletonBeanRegistry.java:225] 
Creating shared instance of singleton bean 'handlerExceptionResolver'
2024-10-31 12:44:12,949 DEBUG [main] o.s.b.f.s.DefaultListableBeanFactory [ConstructorResolver.java:808] 
Autowiring by type from bean name 'handlerExceptionResolver' via factory method to bean named 'mvcContentNegotiationManager'
2024-10-31 12:44:12,954 DEBUG [main] o.s.w.s.m.m.a.ExceptionHandlerExceptionResolver [ExceptionHandlerExceptionResolver.java:307] 
ControllerAdvice beans: 1 @ExceptionHandler, 1 ResponseBodyAdvice
2024-10-31 12:44:12,958 DEBUG [main] o.s.b.f.s.DefaultListableBeanFactory [DefaultSingletonBeanRegistry.java:225] 
Creating shared instance of singleton bean 'mvcViewResolver'
2024-10-31 12:44:12,959 DEBUG [main] o.s.b.f.s.DefaultListableBeanFactory [ConstructorResolver.java:808] 
Autowiring by type from bean name 'mvcViewResolver' via factory method to bean named 'mvcContentNegotiationManager'
2024-10-31 12:44:12,963 DEBUG [main] o.s.b.f.s.DefaultListableBeanFactory [DefaultSingletonBeanRegistry.java:225] 
Creating shared instance of singleton bean 'viewNameTranslator'
2024-10-31 12:44:12,965 DEBUG [main] o.s.b.f.s.DefaultListableBeanFactory [DefaultSingletonBeanRegistry.java:225] 
Creating shared instance of singleton bean 'defaultViewResolver'
2024-10-31 12:44:12,973 DEBUG [main] o.s.b.f.s.DefaultListableBeanFactory [DefaultSingletonBeanRegistry.java:225] 
Creating shared instance of singleton bean 'viewResolver'
2024-10-31 12:44:12,976 DEBUG [main] o.s.b.f.s.DefaultListableBeanFactory [ConstructorResolver.java:808] 
Autowiring by type from bean name 'viewResolver' via factory method to bean named 'org.springframework.beans.factory.support.DefaultListableBeanFactory@24855019'
2024-10-31 12:44:12,983 DEBUG [main] o.s.b.f.s.DefaultListableBeanFactory [DefaultSingletonBeanRegistry.java:225] 
Creating shared instance of singleton bean 'viewResolver'
2024-10-31 12:44:12,984 DEBUG [main] o.s.b.f.s.DefaultListableBeanFactory [DefaultSingletonBeanRegistry.java:225] 
Creating shared instance of singleton bean 'org.springframework.boot.autoconfigure.jmx.JmxAutoConfiguration'
2024-10-31 12:44:12,986 DEBUG [main] o.s.b.f.s.DefaultListableBeanFactory [DefaultSingletonBeanRegistry.java:225] 
Creating shared instance of singleton bean 'spring.jmx-org.springframework.boot.autoconfigure.jmx.JmxProperties'
2024-10-31 12:44:12,989 DEBUG [main] o.s.b.f.s.DefaultListableBeanFactory [ConstructorResolver.java:808] 
Autowiring by type from bean name 'org.springframework.boot.autoconfigure.jmx.JmxAutoConfiguration' via constructor to bean named 'spring.jmx-org.springframework.boot.autoconfigure.jmx.JmxProperties'
2024-10-31 12:44:12,989 DEBUG [main] o.s.b.f.s.DefaultListableBeanFactory [DefaultSingletonBeanRegistry.java:225] 
Creating shared instance of singleton bean 'mbeanExporter'
2024-10-31 12:44:12,990 DEBUG [main] o.s.b.f.s.DefaultListableBeanFactory [DefaultSingletonBeanRegistry.java:225] 
Creating shared instance of singleton bean 'objectNamingStrategy'
2024-10-31 12:44:12,994 DEBUG [main] o.s.b.f.s.DefaultListableBeanFactory [ConstructorResolver.java:808] 
Autowiring by type from bean name 'mbeanExporter' via factory method to bean named 'objectNamingStrategy'
2024-10-31 12:44:12,994 DEBUG [main] o.s.b.f.s.DefaultListableBeanFactory [ConstructorResolver.java:808] 
Autowiring by type from bean name 'mbeanExporter' via factory method to bean named 'org.springframework.beans.factory.support.DefaultListableBeanFactory@24855019'
2024-10-31 12:44:13,004 DEBUG [main] o.s.b.f.s.DefaultListableBeanFactory [DefaultSingletonBeanRegistry.java:225] 
Creating shared instance of singleton bean 'mbeanServer'
2024-10-31 12:44:13,011 DEBUG [main] o.s.j.s.JmxUtils [JmxUtils.java:127] 
Found MBeanServer: com.sun.jmx.mbeanserver.JmxMBeanServer@68bbe345
2024-10-31 12:44:13,015 DEBUG [main] o.s.b.f.s.DefaultListableBeanFactory [DefaultSingletonBeanRegistry.java:225] 
Creating shared instance of singleton bean 'org.springframework.boot.autoconfigure.admin.SpringApplicationAdminJmxAutoConfiguration'
2024-10-31 12:44:13,017 DEBUG [main] o.s.b.f.s.DefaultListableBeanFactory [DefaultSingletonBeanRegistry.java:225] 
Creating shared instance of singleton bean 'springApplicationAdminRegistrar'
2024-10-31 12:44:13,017 DEBUG [main] o.s.b.f.s.DefaultListableBeanFactory [ConstructorResolver.java:808] 
Autowiring by type from bean name 'springApplicationAdminRegistrar' via factory method to bean named 'environment'
2024-10-31 12:44:13,024 DEBUG [main] o.s.b.a.SpringApplicationAdminMXBeanRegistrar$SpringApplicationAdmin [SpringApplicationAdminMXBeanRegistrar.java:131] 
Application Admin MBean registered with name 'org.springframework.boot:type=Admin,name=SpringApplication'
2024-10-31 12:44:13,026 DEBUG [main] o.s.b.f.s.DefaultListableBeanFactory [DefaultSingletonBeanRegistry.java:225] 
Creating shared instance of singleton bean 'org.springframework.boot.autoconfigure.aop.AopAutoConfiguration$ClassProxyingConfiguration'
2024-10-31 12:44:13,026 DEBUG [main] o.s.b.f.s.DefaultListableBeanFactory [DefaultSingletonBeanRegistry.java:225] 
Creating shared instance of singleton bean 'org.springframework.boot.autoconfigure.aop.AopAutoConfiguration'
