2024-10-31 12:44:12,339 DEBUG [main] o.s.c.e.PropertySourcesPropertyResolver [PropertySourcesPropertyResolver.java:115] 
Found key 'getplotdetailsbycrookie.password' in PropertySource 'environmentProperties' with value of type String
2024-10-31 12:44:12,343 DEBUG [main] o.s.c.e.PropertySourcesPropertyResolver [PropertySourcesPropertyResolver.java:115] 
Found key 'getsocialbenefitdata.username' in PropertySource 'environmentProperties' with value of type String
2024-10-31 12:44:12,345 DEBUG [main] o.s.c.e.PropertySourcesPropertyResolver [PropertySourcesPropertyResolver.java:115] 
Found key 'getsocialbenefitdata.password' in PropertySource 'environmentProperties' with value of type String
2024-10-31 12:44:12,354 DEBUG [main] o.s.c.e.PropertySourcesPropertyResolver [PropertySourcesPropertyResolver.java:115] 
Found key 'getsocialbenefitdata-target-url' in PropertySource 'environmentProperties' with value of type String
2024-10-31 12:44:12,356 DEBUG [main] o.s.c.e.PropertySourcesPropertyResolver [PropertySourcesPropertyResolver.java:115] 
Found key 'getsocialbenefitdata-soap-action' in PropertySource 'environmentProperties' with value of type String
2024-10-31 12:44:12,358 DEBUG [main] o.s.c.e.PropertySourcesPropertyResolver [PropertySourcesPropertyResolver.java:115] 
Found key 'getsocialbenefitdata-target-request-body' in PropertySource 'environmentProperties' with value of type String
2024-10-31 12:44:12,359 DEBUG [main] o.s.c.e.PropertySourcesPropertyResolver [PropertySourcesPropertyResolver.java:115] 
Found key 'getmeterreading-target-url' in PropertySource 'environmentProperties' with value of type String
2024-10-31 12:44:12,360 DEBUG [main] o.s.c.e.PropertySourcesPropertyResolver [PropertySourcesPropertyResolver.java:115] 
Found key 'auth-username' in PropertySource 'environmentProperties' with value of type String
2024-10-31 12:44:12,360 DEBUG [main] o.s.c.e.PropertySourcesPropertyResolver [PropertySourcesPropertyResolver.java:115] 
Found key 'auth-password' in PropertySource 'environmentProperties' with value of type String
2024-10-31 12:44:12,361 DEBUG [main] o.s.b.f.s.DefaultListableBeanFactory [DefaultSingletonBeanRegistry.java:225] 
Creating shared instance of singleton bean 'diamControllerVer2'
2024-10-31 12:44:12,364 DEBUG [main] o.s.b.f.s.DefaultListableBeanFactory [DefaultSingletonBeanRegistry.java:225] 
Creating shared instance of singleton bean 'diamServiceVer2'
2024-10-31 12:44:12,369 DEBUG [main] o.s.c.e.PropertySourcesPropertyResolver [PropertySourcesPropertyResolver.java:115] 
Found key 'getbilldata-target-url' in PropertySource 'environmentProperties' with value of type String
2024-10-31 12:44:12,370 DEBUG [main] o.s.c.e.PropertySourcesPropertyResolver [PropertySourcesPropertyResolver.java:115] 
Found key 'getbillpdf-target-url' in PropertySource 'environmentProperties' with value of type String
2024-10-31 12:44:12,371 DEBUG [main] o.s.c.e.PropertySourcesPropertyResolver [PropertySourcesPropertyResolver.java:115] 
Found key 'getgbill64-target-url' in PropertySource 'environmentProperties' with value of type String
2024-10-31 12:44:12,371 DEBUG [main] o.s.c.e.PropertySourcesPropertyResolver [PropertySourcesPropertyResolver.java:115] 
Found key 'getbilldetails-target-url' in PropertySource 'environmentProperties' with value of type String
2024-10-31 12:44:12,372 DEBUG [main] o.s.c.e.PropertySourcesPropertyResolver [PropertySourcesPropertyResolver.java:115] 
Found key 'getbillsummary-target-url' in PropertySource 'environmentProperties' with value of type String
2024-10-31 12:44:12,372 DEBUG [main] o.s.c.e.PropertySourcesPropertyResolver [PropertySourcesPropertyResolver.java:115] 
Found key 'getgroupbilldetails-target-url' in PropertySource 'environmentProperties' with value of type String
2024-10-31 12:44:12,372 DEBUG [main] o.s.c.e.PropertySourcesPropertyResolver [PropertySourcesPropertyResolver.java:115] 
Found key 'getgroupbillinfo-target-url' in PropertySource 'environmentProperties' with value of type String
2024-10-31 12:44:12,373 DEBUG [main] o.s.c.e.PropertySourcesPropertyResolver [PropertySourcesPropertyResolver.java:115] 
Found key 'inquirypayment-target-url' in PropertySource 'environmentProperties' with value of type String
2024-10-31 12:44:12,374 DEBUG [main] o.s.b.f.s.DefaultListableBeanFactory [DefaultSingletonBeanRegistry.java:225] 
Creating shared instance of singleton bean 'getRecordCSHandlerVer2'
2024-10-31 12:44:12,376 DEBUG [main] o.s.c.e.PropertySourcesPropertyResolver [PropertySourcesPropertyResolver.java:115] 
Found key 'getmeterreading-target-url' in PropertySource 'environmentProperties' with value of type String
2024-10-31 12:44:12,376 DEBUG [main] o.s.c.e.PropertySourcesPropertyResolver [PropertySourcesPropertyResolver.java:115] 
Found key 'getrecordcs-target-url' in PropertySource 'environmentProperties' with value of type String
2024-10-31 12:44:12,377 DEBUG [main] o.s.c.e.PropertySourcesPropertyResolver [PropertySourcesPropertyResolver.java:115] 
Found key 'gis-getrecord-target-url' in PropertySource 'environmentProperties' with value of type String
2024-10-31 12:44:12,377 DEBUG [main] o.s.c.e.PropertySourcesPropertyResolver [PropertySourcesPropertyResolver.java:115] 
Found key 'auth-username' in PropertySource 'environmentProperties' with value of type String
2024-10-31 12:44:12,379 DEBUG [main] o.s.c.e.PropertySourcesPropertyResolver [PropertySourcesPropertyResolver.java:115] 
Found key 'auth-password' in PropertySource 'environmentProperties' with value of type String
2024-10-31 12:44:12,380 DEBUG [main] o.s.b.f.s.DefaultListableBeanFactory [DefaultSingletonBeanRegistry.java:225] 
Creating shared instance of singleton bean 'getRecordGISCSHandlerVer2'
2024-10-31 12:44:12,382 DEBUG [main] o.s.c.e.PropertySourcesPropertyResolver [PropertySourcesPropertyResolver.java:115] 
Found key 'getmeterreading-target-url' in PropertySource 'environmentProperties' with value of type String
2024-10-31 12:44:12,383 DEBUG [main] o.s.c.e.PropertySourcesPropertyResolver [PropertySourcesPropertyResolver.java:115] 
Found key 'getrecordcs-target-url' in PropertySource 'environmentProperties' with value of type String
2024-10-31 12:44:12,384 DEBUG [main] o.s.c.e.PropertySourcesPropertyResolver [PropertySourcesPropertyResolver.java:115] 
Found key 'gis-getrecord-target-url' in PropertySource 'environmentProperties' with value of type String
2024-10-31 12:44:12,384 DEBUG [main] o.s.c.e.PropertySourcesPropertyResolver [PropertySourcesPropertyResolver.java:115] 
Found key 'auth-username' in PropertySource 'environmentProperties' with value of type String
2024-10-31 12:44:12,385 DEBUG [main] o.s.c.e.PropertySourcesPropertyResolver [PropertySourcesPropertyResolver.java:115] 
Found key 'auth-password' in PropertySource 'environmentProperties' with value of type String
2024-10-31 12:44:12,386 DEBUG [main] o.s.b.c.p.s.ConfigurationPropertySourcesPropertyResolver$DefaultResolver [PropertySourcesPropertyResolver.java:115] 
Found key 'getPersonInformationURL-internal-service-url' in PropertySource 'Config resource 'class path resource [application.properties]' via location 'optional:classpath:/'' with value of type String
2024-10-31 12:44:12,387 DEBUG [main] o.s.c.e.PropertySourcesPropertyResolver [PropertySourcesPropertyResolver.java:115] 
Found key 'getPersonInformationURL-internal-service-url' in PropertySource 'environmentProperties' with value of type String
2024-10-31 12:44:12,387 DEBUG [main] o.s.b.c.p.s.ConfigurationPropertySourcesPropertyResolver$DefaultResolver [PropertySourcesPropertyResolver.java:115] 
Found key 'getTrafficInformationURL-internal-service-url' in PropertySource 'Config resource 'class path resource [application.properties]' via location 'optional:classpath:/'' with value of type String
2024-10-31 12:44:12,387 DEBUG [main] o.s.c.e.PropertySourcesPropertyResolver [PropertySourcesPropertyResolver.java:115] 
Found key 'getTrafficInformationURL-internal-service-url' in PropertySource 'environmentProperties' with value of type String
2024-10-31 12:44:12,388 DEBUG [main] o.s.c.e.PropertySourcesPropertyResolver [PropertySourcesPropertyResolver.java:115] 
Found key 'getplotdetailsbycrookie-target-url' in PropertySource 'environmentProperties' with value of type String
2024-10-31 12:44:12,389 DEBUG [main] o.s.c.e.PropertySourcesPropertyResolver [PropertySourcesPropertyResolver.java:115] 
Found key 'getplotdetailsbycrookie-soap-action' in PropertySource 'environmentProperties' with value of type String
2024-10-31 12:44:12,390 DEBUG [main] o.s.c.e.PropertySourcesPropertyResolver [PropertySourcesPropertyResolver.java:115] 
Found key 'getplotdetailsbycrookie.username' in PropertySource 'environmentProperties' with value of type String
2024-10-31 12:44:12,390 DEBUG [main] o.s.c.e.PropertySourcesPropertyResolver [PropertySourcesPropertyResolver.java:115] 
Found key 'getplotdetailsbycrookie.password' in PropertySource 'environmentProperties' with value of type String
2024-10-31 12:44:12,391 DEBUG [main] o.s.c.e.PropertySourcesPropertyResolver [PropertySourcesPropertyResolver.java:115] 
Found key 'getsocialbenefitdata.username' in PropertySource 'environmentProperties' with value of type String
2024-10-31 12:44:12,392 DEBUG [main] o.s.c.e.PropertySourcesPropertyResolver [PropertySourcesPropertyResolver.java:115] 
Found key 'getsocialbenefitdata.password' in PropertySource 'environmentProperties' with value of type String
2024-10-31 12:44:12,392 DEBUG [main] o.s.c.e.PropertySourcesPropertyResolver [PropertySourcesPropertyResolver.java:115] 
Found key 'getsocialbenefitdata-target-url' in PropertySource 'environmentProperties' with value of type String
2024-10-31 12:44:12,393 DEBUG [main] o.s.c.e.PropertySourcesPropertyResolver [PropertySourcesPropertyResolver.java:115] 
Found key 'getsocialbenefitdata-soap-action' in PropertySource 'environmentProperties' with value of type String
2024-10-31 12:44:12,393 DEBUG [main] o.s.c.e.PropertySourcesPropertyResolver [PropertySourcesPropertyResolver.java:115] 
Found key 'getmeterreading-target-url' in PropertySource 'environmentProperties' with value of type String
2024-10-31 12:44:12,394 DEBUG [main] o.s.c.e.PropertySourcesPropertyResolver [PropertySourcesPropertyResolver.java:115] 
Found key 'auth-username' in PropertySource 'environmentProperties' with value of type String
2024-10-31 12:44:12,395 DEBUG [main] o.s.c.e.PropertySourcesPropertyResolver [PropertySourcesPropertyResolver.java:115] 
Found key 'auth-password' in PropertySource 'environmentProperties' with value of type String
2024-10-31 12:44:12,396 DEBUG [main] o.s.c.e.PropertySourcesPropertyResolver [PropertySourcesPropertyResolver.java:115] 
Found key 'getcompanydata-service-url' in PropertySource 'environmentProperties' with value of type String
2024-10-31 12:44:12,396 DEBUG [main] o.s.b.f.s.DefaultListableBeanFactory [DefaultSingletonBeanRegistry.java:225] 
Creating shared instance of singleton bean 'connectionHelper'
2024-10-31 12:44:12,397 DEBUG [main] o.s.b.f.s.DefaultListableBeanFactory [DefaultSingletonBeanRegistry.java:225] 
Creating shared instance of singleton bean 'globalExceptionHandler'
2024-10-31 12:44:12,401 DEBUG [main] o.s.b.f.s.DefaultListableBeanFactory [DefaultSingletonBeanRegistry.java:225] 
Creating shared instance of singleton bean 'DBUtils'
2024-10-31 12:44:12,403 DEBUG [main] o.s.c.e.PropertySourcesPropertyResolver [PropertySourcesPropertyResolver.java:115] 
Found key 'esb-db-classname' in PropertySource 'environmentProperties' with value of type String
2024-10-31 12:44:12,405 DEBUG [main] o.s.c.e.PropertySourcesPropertyResolver [PropertySourcesPropertyResolver.java:115] 
Found key 'esb-db-url' in PropertySource 'environmentProperties' with value of type String
2024-10-31 12:44:12,408 DEBUG [main] o.s.c.e.PropertySourcesPropertyResolver [PropertySourcesPropertyResolver.java:115] 
Found key 'esb-db-username' in PropertySource 'environmentProperties' with value of type String
2024-10-31 12:44:12,416 DEBUG [main] o.s.c.e.PropertySourcesPropertyResolver [PropertySourcesPropertyResolver.java:115] 
Found key 'esb-db-password' in PropertySource 'environmentProperties' with value of type String
2024-10-31 12:44:12,420 DEBUG [main] o.s.c.e.PropertySourcesPropertyResolver [PropertySourcesPropertyResolver.java:115] 
Found key 'timestamp.duration' in PropertySource 'environmentProperties' with value of type String
2024-10-31 12:44:12,421 DEBUG [main] o.s.c.e.PropertySourcesPropertyResolver [PropertySourcesPropertyResolver.java:115] 
Found key 'content-length' in PropertySource 'environmentProperties' with value of type String
2024-10-31 12:44:12,422 DEBUG [main] o.s.b.f.s.DefaultListableBeanFactory [DefaultSingletonBeanRegistry.java:225] 
Creating shared instance of singleton bean 'loadProperties'
2024-10-31 12:44:12,425 DEBUG [main] o.s.b.f.s.DefaultListableBeanFactory [DefaultSingletonBeanRegistry.java:225] 
Creating shared instance of singleton bean 'org.springframework.boot.autoconfigure.AutoConfigurationPackages'
2024-10-31 12:44:12,427 DEBUG [main] o.s.b.f.s.DefaultListableBeanFactory [DefaultSingletonBeanRegistry.java:225] 
Creating shared instance of singleton bean 'org.springframework.boot.autoconfigure.context.PropertyPlaceholderAutoConfiguration'
2024-10-31 12:44:12,428 DEBUG [main] o.s.b.f.s.DefaultListableBeanFactory [DefaultSingletonBeanRegistry.java:225] 
Creating shared instance of singleton bean 'org.springframework.boot.autoconfigure.websocket.servlet.WebSocketServletAutoConfiguration'
2024-10-31 12:44:12,428 DEBUG [main] o.s.b.f.s.DefaultListableBeanFactory [DefaultSingletonBeanRegistry.java:225] 
Creating shared instance of singleton bean 'org.springframework.boot.context.properties.EnableConfigurationPropertiesRegistrar.methodValidationExcludeFilter'
2024-10-31 12:44:12,432 DEBUG [main] o.s.b.f.s.DefaultListableBeanFactory [DefaultSingletonBeanRegistry.java:225] 
Creating shared instance of singleton bean 'org.springframework.boot.autoconfigure.web.servlet.DispatcherServletAutoConfiguration'
2024-10-31 12:44:12,434 DEBUG [main] o.s.b.f.s.DefaultListableBeanFactory [DefaultSingletonBeanRegistry.java:225] 
Creating shared instance of singleton bean 'org.springframework.boot.autoconfigure.task.TaskExecutionAutoConfiguration'
2024-10-31 12:44:12,435 DEBUG [main] o.s.b.f.s.DefaultListableBeanFactory [DefaultSingletonBeanRegistry.java:225] 
Creating shared instance of singleton bean 'taskExecutorBuilder'
