2024-10-31 13:25:28,307 DEBUG [main] o.s.c.e.PropertySourcesPropertyResolver [PropertySourcesPropertyResolver.java:115] 
Found key 'getPersonInformationURL-internal-service-url' in PropertySource 'environmentProperties' with value of type String
2024-10-31 13:25:28,311 DEBUG [main] o.s.b.c.p.s.ConfigurationPropertySourcesPropertyResolver$DefaultResolver [PropertySourcesPropertyResolver.java:115] 
Found key 'getTrafficInformationURL-internal-service-url' in PropertySource 'Config resource 'class path resource [application.properties]' via location 'optional:classpath:/'' with value of type String
2024-10-31 13:25:28,311 DEBUG [main] o.s.c.e.PropertySourcesPropertyResolver [PropertySourcesPropertyResolver.java:115] 
Found key 'getTrafficInformationURL-internal-service-url' in PropertySource 'environmentProperties' with value of type String
2024-10-31 13:25:28,317 DEBUG [main] o.s.c.e.PropertySourcesPropertyResolver [PropertySourcesPropertyResolver.java:115] 
Found key 'getplotdetailsbycrookie-target-url' in PropertySource 'environmentProperties' with value of type String
2024-10-31 13:25:28,319 DEBUG [main] o.s.c.e.PropertySourcesPropertyResolver [PropertySourcesPropertyResolver.java:115] 
Found key 'getplotdetailsbycrookie-soap-action' in PropertySource 'environmentProperties' with value of type String
2024-10-31 13:25:28,319 DEBUG [main] o.s.c.e.PropertySourcesPropertyResolver [PropertySourcesPropertyResolver.java:115] 
Found key 'getplotdetailsbycrookie.username' in PropertySource 'environmentProperties' with value of type String
2024-10-31 13:25:28,320 DEBUG [main] o.s.c.e.PropertySourcesPropertyResolver [PropertySourcesPropertyResolver.java:115] 
Found key 'getplotdetailsbycrookie.password' in PropertySource 'environmentProperties' with value of type String
2024-10-31 13:25:28,320 DEBUG [main] o.s.c.e.PropertySourcesPropertyResolver [PropertySourcesPropertyResolver.java:115] 
Found key 'getsocialbenefitdata.username' in PropertySource 'environmentProperties' with value of type String
2024-10-31 13:25:28,322 DEBUG [main] o.s.c.e.PropertySourcesPropertyResolver [PropertySourcesPropertyResolver.java:115] 
Found key 'getsocialbenefitdata.password' in PropertySource 'environmentProperties' with value of type String
2024-10-31 13:25:28,322 DEBUG [main] o.s.c.e.PropertySourcesPropertyResolver [PropertySourcesPropertyResolver.java:115] 
Found key 'getsocialbenefitdata-target-url' in PropertySource 'environmentProperties' with value of type String
2024-10-31 13:25:28,326 DEBUG [main] o.s.c.e.PropertySourcesPropertyResolver [PropertySourcesPropertyResolver.java:115] 
Found key 'getsocialbenefitdata-soap-action' in PropertySource 'environmentProperties' with value of type String
2024-10-31 13:25:28,330 DEBUG [main] o.s.c.e.PropertySourcesPropertyResolver [PropertySourcesPropertyResolver.java:115] 
Found key 'getmeterreading-target-url' in PropertySource 'environmentProperties' with value of type String
2024-10-31 13:25:28,334 DEBUG [main] o.s.c.e.PropertySourcesPropertyResolver [PropertySourcesPropertyResolver.java:115] 
Found key 'auth-username' in PropertySource 'environmentProperties' with value of type String
2024-10-31 13:25:28,341 DEBUG [main] o.s.c.e.PropertySourcesPropertyResolver [PropertySourcesPropertyResolver.java:115] 
Found key 'auth-password' in PropertySource 'environmentProperties' with value of type String
2024-10-31 13:25:28,342 DEBUG [main] o.s.c.e.PropertySourcesPropertyResolver [PropertySourcesPropertyResolver.java:115] 
Found key 'getcompanydata-service-url' in PropertySource 'environmentProperties' with value of type String
2024-10-31 13:25:28,343 DEBUG [main] o.s.b.f.s.DefaultListableBeanFactory [DefaultSingletonBeanRegistry.java:225] 
Creating shared instance of singleton bean 'connectionHelper'
2024-10-31 13:25:28,348 DEBUG [main] o.s.b.f.s.DefaultListableBeanFactory [DefaultSingletonBeanRegistry.java:225] 
Creating shared instance of singleton bean 'globalExceptionHandler'
2024-10-31 13:25:28,353 DEBUG [main] o.s.b.f.s.DefaultListableBeanFactory [DefaultSingletonBeanRegistry.java:225] 
Creating shared instance of singleton bean 'DBUtils'
2024-10-31 13:25:28,371 DEBUG [main] o.s.c.e.PropertySourcesPropertyResolver [PropertySourcesPropertyResolver.java:115] 
Found key 'esb-db-classname' in PropertySource 'environmentProperties' with value of type String
2024-10-31 13:25:28,374 DEBUG [main] o.s.c.e.PropertySourcesPropertyResolver [PropertySourcesPropertyResolver.java:115] 
Found key 'esb-db-url' in PropertySource 'environmentProperties' with value of type String
2024-10-31 13:25:28,376 DEBUG [main] o.s.c.e.PropertySourcesPropertyResolver [PropertySourcesPropertyResolver.java:115] 
Found key 'esb-db-username' in PropertySource 'environmentProperties' with value of type String
2024-10-31 13:25:28,377 DEBUG [main] o.s.c.e.PropertySourcesPropertyResolver [PropertySourcesPropertyResolver.java:115] 
Found key 'esb-db-password' in PropertySource 'environmentProperties' with value of type String
2024-10-31 13:25:28,378 DEBUG [main] o.s.c.e.PropertySourcesPropertyResolver [PropertySourcesPropertyResolver.java:115] 
Found key 'timestamp.duration' in PropertySource 'environmentProperties' with value of type String
2024-10-31 13:25:28,381 DEBUG [main] o.s.c.e.PropertySourcesPropertyResolver [PropertySourcesPropertyResolver.java:115] 
Found key 'content-length' in PropertySource 'environmentProperties' with value of type String
2024-10-31 13:25:28,385 DEBUG [main] o.s.b.f.s.DefaultListableBeanFactory [DefaultSingletonBeanRegistry.java:225] 
Creating shared instance of singleton bean 'loadProperties'
2024-10-31 13:25:28,392 DEBUG [main] o.s.b.f.s.DefaultListableBeanFactory [DefaultSingletonBeanRegistry.java:225] 
Creating shared instance of singleton bean 'org.springframework.boot.autoconfigure.AutoConfigurationPackages'
2024-10-31 13:25:28,393 DEBUG [main] o.s.b.f.s.DefaultListableBeanFactory [DefaultSingletonBeanRegistry.java:225] 
Creating shared instance of singleton bean 'org.springframework.boot.autoconfigure.context.PropertyPlaceholderAutoConfiguration'
2024-10-31 13:25:28,394 DEBUG [main] o.s.b.f.s.DefaultListableBeanFactory [DefaultSingletonBeanRegistry.java:225] 
Creating shared instance of singleton bean 'org.springframework.boot.autoconfigure.websocket.servlet.WebSocketServletAutoConfiguration'
2024-10-31 13:25:28,394 DEBUG [main] o.s.b.f.s.DefaultListableBeanFactory [DefaultSingletonBeanRegistry.java:225] 
Creating shared instance of singleton bean 'org.springframework.boot.context.properties.EnableConfigurationPropertiesRegistrar.methodValidationExcludeFilter'
2024-10-31 13:25:28,396 DEBUG [main] o.s.b.f.s.DefaultListableBeanFactory [DefaultSingletonBeanRegistry.java:225] 
Creating shared instance of singleton bean 'org.springframework.boot.autoconfigure.web.servlet.DispatcherServletAutoConfiguration'
2024-10-31 13:25:28,397 DEBUG [main] o.s.b.f.s.DefaultListableBeanFactory [DefaultSingletonBeanRegistry.java:225] 
Creating shared instance of singleton bean 'org.springframework.boot.autoconfigure.task.TaskExecutionAutoConfiguration'
2024-10-31 13:25:28,397 DEBUG [main] o.s.b.f.s.DefaultListableBeanFactory [DefaultSingletonBeanRegistry.java:225] 
Creating shared instance of singleton bean 'taskExecutorBuilder'
2024-10-31 13:25:28,400 DEBUG [main] o.s.b.f.s.DefaultListableBeanFactory [DefaultSingletonBeanRegistry.java:225] 
Creating shared instance of singleton bean 'spring.task.execution-org.springframework.boot.autoconfigure.task.TaskExecutionProperties'
2024-10-31 13:25:28,411 DEBUG [main] o.s.b.f.s.DefaultListableBeanFactory [ConstructorResolver.java:808] 
Autowiring by type from bean name 'taskExecutorBuilder' via factory method to bean named 'spring.task.execution-org.springframework.boot.autoconfigure.task.TaskExecutionProperties'
2024-10-31 13:25:28,433 DEBUG [main] o.s.b.f.s.DefaultListableBeanFactory [DefaultSingletonBeanRegistry.java:225] 
Creating shared instance of singleton bean 'org.springframework.boot.autoconfigure.web.servlet.error.ErrorMvcAutoConfiguration$WhitelabelErrorViewConfiguration'
2024-10-31 13:25:28,437 DEBUG [main] o.s.b.f.s.DefaultListableBeanFactory [DefaultSingletonBeanRegistry.java:225] 
Creating shared instance of singleton bean 'error'
2024-10-31 13:25:28,441 DEBUG [main] o.s.b.f.s.DefaultListableBeanFactory [DefaultSingletonBeanRegistry.java:225] 
Creating shared instance of singleton bean 'beanNameViewResolver'
2024-10-31 13:25:28,444 DEBUG [main] o.s.b.f.s.DefaultListableBeanFactory [DefaultSingletonBeanRegistry.java:225] 
Creating shared instance of singleton bean 'org.springframework.boot.autoconfigure.web.servlet.error.ErrorMvcAutoConfiguration$DefaultErrorViewResolverConfiguration'
2024-10-31 13:25:28,446 DEBUG [main] o.s.b.f.s.DefaultListableBeanFactory [DefaultSingletonBeanRegistry.java:225] 
Creating shared instance of singleton bean 'spring.web-org.springframework.boot.autoconfigure.web.WebProperties'
2024-10-31 13:25:28,454 DEBUG [main] o.s.b.f.s.DefaultListableBeanFactory [ConstructorResolver.java:808] 
Autowiring by type from bean name 'org.springframework.boot.autoconfigure.web.servlet.error.ErrorMvcAutoConfiguration$DefaultErrorViewResolverConfiguration' via constructor to bean named 'org.springframework.boot.web.servlet.context.AnnotationConfigServletWebServerApplicationContext@6691490c'
2024-10-31 13:25:28,457 DEBUG [main] o.s.b.f.s.DefaultListableBeanFactory [ConstructorResolver.java:808] 
Autowiring by type from bean name 'org.springframework.boot.autoconfigure.web.servlet.error.ErrorMvcAutoConfiguration$DefaultErrorViewResolverConfiguration' via constructor to bean named 'spring.web-org.springframework.boot.autoconfigure.web.WebProperties'
2024-10-31 13:25:28,464 DEBUG [main] o.s.b.f.s.DefaultListableBeanFactory [DefaultSingletonBeanRegistry.java:225] 
Creating shared instance of singleton bean 'conventionErrorViewResolver'
2024-10-31 13:25:28,468 DEBUG [main] o.s.b.f.s.DefaultListableBeanFactory [DefaultSingletonBeanRegistry.java:225] 
Creating shared instance of singleton bean 'errorAttributes'
2024-10-31 13:25:28,473 DEBUG [main] o.s.b.f.s.DefaultListableBeanFactory [DefaultSingletonBeanRegistry.java:225] 
Creating shared instance of singleton bean 'basicErrorController'
2024-10-31 13:25:28,474 DEBUG [main] o.s.b.f.s.DefaultListableBeanFactory [ConstructorResolver.java:808] 
Autowiring by type from bean name 'basicErrorController' via factory method to bean named 'errorAttributes'
2024-10-31 13:25:28,483 DEBUG [main] o.s.b.f.s.DefaultListableBeanFactory [DefaultSingletonBeanRegistry.java:225] 
Creating shared instance of singleton bean 'org.springframework.boot.autoconfigure.web.servlet.WebMvcAutoConfiguration$EnableWebMvcConfiguration'
2024-10-31 13:25:28,490 DEBUG [main] o.s.b.f.s.DefaultListableBeanFactory [ConstructorResolver.java:808] 
Autowiring by type from bean name 'org.springframework.boot.autoconfigure.web.servlet.WebMvcAutoConfiguration$EnableWebMvcConfiguration' via constructor to bean named 'spring.mvc-org.springframework.boot.autoconfigure.web.servlet.WebMvcProperties'
2024-10-31 13:25:28,490 DEBUG [main] o.s.b.f.s.DefaultListableBeanFactory [ConstructorResolver.java:808] 
Autowiring by type from bean name 'org.springframework.boot.autoconfigure.web.servlet.WebMvcAutoConfiguration$EnableWebMvcConfiguration' via constructor to bean named 'spring.web-org.springframework.boot.autoconfigure.web.WebProperties'
2024-10-31 13:25:28,491 DEBUG [main] o.s.b.f.s.DefaultListableBeanFactory [ConstructorResolver.java:808] 
Autowiring by type from bean name 'org.springframework.boot.autoconfigure.web.servlet.WebMvcAutoConfiguration$EnableWebMvcConfiguration' via constructor to bean named 'org.springframework.beans.factory.support.DefaultListableBeanFactory@74cf8b28'
2024-10-31 13:25:28,513 DEBUG [main] o.s.b.f.s.DefaultListableBeanFactory [DefaultSingletonBeanRegistry.java:225] 
Creating shared instance of singleton bean 'org.springframework.boot.autoconfigure.web.servlet.WebMvcAutoConfiguration$WebMvcAutoConfigurationAdapter'
2024-10-31 13:25:28,520 DEBUG [main] o.s.b.f.s.DefaultListableBeanFactory [ConstructorResolver.java:808] 
Autowiring by type from bean name 'org.springframework.boot.autoconfigure.web.servlet.WebMvcAutoConfiguration$WebMvcAutoConfigurationAdapter' via constructor to bean named 'spring.web-org.springframework.boot.autoconfigure.web.WebProperties'
2024-10-31 13:25:28,521 DEBUG [main] o.s.b.f.s.DefaultListableBeanFactory [ConstructorResolver.java:808] 
Autowiring by type from bean name 'org.springframework.boot.autoconfigure.web.servlet.WebMvcAutoConfiguration$WebMvcAutoConfigurationAdapter' via constructor to bean named 'spring.mvc-org.springframework.boot.autoconfigure.web.servlet.WebMvcProperties'
2024-10-31 13:25:28,521 DEBUG [main] o.s.b.f.s.DefaultListableBeanFactory [ConstructorResolver.java:808] 
Autowiring by type from bean name 'org.springframework.boot.autoconfigure.web.servlet.WebMvcAutoConfiguration$WebMvcAutoConfigurationAdapter' via constructor to bean named 'org.springframework.beans.factory.support.DefaultListableBeanFactory@74cf8b28'
2024-10-31 13:25:28,524 DEBUG [main] o.s.b.f.s.DefaultListableBeanFactory [DefaultSingletonBeanRegistry.java:225] 
Creating shared instance of singleton bean 'requestMappingHandlerAdapter'
2024-10-31 13:25:28,529 DEBUG [main] o.s.b.f.s.DefaultListableBeanFactory [DefaultSingletonBeanRegistry.java:225] 
Creating shared instance of singleton bean 'mvcContentNegotiationManager'
2024-10-31 13:25:28,547 DEBUG [main] o.s.b.f.s.DefaultListableBeanFactory [DefaultSingletonBeanRegistry.java:225] 
Creating shared instance of singleton bean 'mvcConversionService'
2024-10-31 13:25:28,557 DEBUG [main] o.s.b.f.s.DefaultListableBeanFactory [DefaultSingletonBeanRegistry.java:225] 
Creating shared instance of singleton bean 'mvcValidator'
2024-10-31 13:25:28,560 DEBUG [main] o.s.b.f.s.DefaultListableBeanFactory [ConstructorResolver.java:808] 
Autowiring by type from bean name 'requestMappingHandlerAdapter' via factory method to bean named 'mvcContentNegotiationManager'
2024-10-31 13:25:28,560 DEBUG [main] o.s.b.f.s.DefaultListableBeanFactory [ConstructorResolver.java:808] 
Autowiring by type from bean name 'requestMappingHandlerAdapter' via factory method to bean named 'mvcConversionService'
2024-10-31 13:25:28,560 DEBUG [main] o.s.b.f.s.DefaultListableBeanFactory [ConstructorResolver.java:808] 
Autowiring by type from bean name 'requestMappingHandlerAdapter' via factory method to bean named 'mvcValidator'
2024-10-31 13:25:28,562 DEBUG [main] o.s.b.f.s.DefaultListableBeanFactory [ConstructorResolver.java:808] 
Autowiring by type from bean name 'requestMappingHandlerAdapter' via factory method to bean named 'mvcContentNegotiationManager'
2024-10-31 13:25:28,562 DEBUG [main] o.s.b.f.s.DefaultListableBeanFactory [ConstructorResolver.java:808] 
Autowiring by type from bean name 'requestMappingHandlerAdapter' via factory method to bean named 'mvcConversionService'
2024-10-31 13:25:28,562 DEBUG [main] o.s.b.f.s.DefaultListableBeanFactory [ConstructorResolver.java:808] 
Autowiring by type from bean name 'requestMappingHandlerAdapter' via factory method to bean named 'mvcValidator'
2024-10-31 13:25:28,594 DEBUG [main] o.s.b.f.s.DefaultListableBeanFactory [DefaultSingletonBeanRegistry.java:225] 
Creating shared instance of singleton bean 'messageConverters'
2024-10-31 13:25:28,595 DEBUG [main] o.s.b.f.s.DefaultListableBeanFactory [DefaultSingletonBeanRegistry.java:225] 
Creating shared instance of singleton bean 'org.springframework.boot.autoconfigure.http.HttpMessageConvertersAutoConfiguration'
2024-10-31 13:25:28,609 DEBUG [main] o.s.b.f.s.DefaultListableBeanFactory [DefaultSingletonBeanRegistry.java:225] 
Creating shared instance of singleton bean 'stringHttpMessageConverter'
2024-10-31 13:25:28,609 DEBUG [main] o.s.b.f.s.DefaultListableBeanFactory [DefaultSingletonBeanRegistry.java:225] 
Creating shared instance of singleton bean 'org.springframework.boot.autoconfigure.http.HttpMessageConvertersAutoConfiguration$StringHttpMessageConverterConfiguration'
2024-10-31 13:25:28,610 DEBUG [main] o.s.b.f.s.DefaultListableBeanFactory [ConstructorResolver.java:808] 
Autowiring by type from bean name 'stringHttpMessageConverter' via factory method to bean named 'environment'
2024-10-31 13:25:28,615 DEBUG [main] o.s.b.f.s.DefaultListableBeanFactory [DefaultSingletonBeanRegistry.java:225] 
Creating shared instance of singleton bean 'mappingJackson2HttpMessageConverter'
2024-10-31 13:25:28,615 DEBUG [main] o.s.b.f.s.DefaultListableBeanFactory [DefaultSingletonBeanRegistry.java:225] 
Creating shared instance of singleton bean 'org.springframework.boot.autoconfigure.http.JacksonHttpMessageConvertersConfiguration$MappingJackson2HttpMessageConverterConfiguration'
2024-10-31 13:25:28,618 DEBUG [main] o.s.b.f.s.DefaultListableBeanFactory [DefaultSingletonBeanRegistry.java:225] 
Creating shared instance of singleton bean 'jacksonObjectMapper'
2024-10-31 13:25:28,618 DEBUG [main] o.s.b.f.s.DefaultListableBeanFactory [DefaultSingletonBeanRegistry.java:225] 
Creating shared instance of singleton bean 'org.springframework.boot.autoconfigure.jackson.JacksonAutoConfiguration$JacksonObjectMapperConfiguration'
2024-10-31 13:25:28,621 DEBUG [main] o.s.b.f.s.DefaultListableBeanFactory [DefaultSingletonBeanRegistry.java:225] 
Creating shared instance of singleton bean 'org.springframework.boot.autoconfigure.jackson.JacksonAutoConfiguration$JacksonObjectMapperBuilderConfiguration'
2024-10-31 13:25:28,624 DEBUG [main] o.s.b.f.s.DefaultListableBeanFactory [DefaultSingletonBeanRegistry.java:225] 
Creating shared instance of singleton bean 'standardJacksonObjectMapperBuilderCustomizer'
2024-10-31 13:25:28,624 DEBUG [main] o.s.b.f.s.DefaultListableBeanFactory [DefaultSingletonBeanRegistry.java:225] 
Creating shared instance of singleton bean 'org.springframework.boot.autoconfigure.jackson.JacksonAutoConfiguration$Jackson2ObjectMapperBuilderCustomizerConfiguration'
2024-10-31 13:25:28,627 DEBUG [main] o.s.b.f.s.DefaultListableBeanFactory [DefaultSingletonBeanRegistry.java:225] 
Creating shared instance of singleton bean 'spring.jackson-org.springframework.boot.autoconfigure.jackson.JacksonProperties'
2024-10-31 13:25:28,636 DEBUG [main] o.s.b.f.s.DefaultListableBeanFactory [ConstructorResolver.java:808] 
Autowiring by type from bean name 'standardJacksonObjectMapperBuilderCustomizer' via factory method to bean named 'org.springframework.boot.web.servlet.context.AnnotationConfigServletWebServerApplicationContext@6691490c'
2024-10-31 13:25:28,637 DEBUG [main] o.s.b.f.s.DefaultListableBeanFactory [ConstructorResolver.java:808] 
Autowiring by type from bean name 'standardJacksonObjectMapperBuilderCustomizer' via factory method to bean named 'spring.jackson-org.springframework.boot.autoconfigure.jackson.JacksonProperties'
2024-10-31 13:25:28,639 DEBUG [main] o.s.b.f.s.DefaultListableBeanFactory [ConstructorResolver.java:808] 
Autowiring by type from bean name 'jacksonObjectMapperBuilder' via factory method to bean named 'org.springframework.boot.web.servlet.context.AnnotationConfigServletWebServerApplicationContext@6691490c'
2024-10-31 13:25:28,640 DEBUG [main] o.s.b.f.s.DefaultListableBeanFactory [ConstructorResolver.java:808] 
Autowiring by type from bean name 'jacksonObjectMapperBuilder' via factory method to bean named 'standardJacksonObjectMapperBuilderCustomizer'
2024-10-31 13:25:28,643 DEBUG [main] o.s.b.f.s.DefaultListableBeanFactory [DefaultSingletonBeanRegistry.java:225] 
Creating shared instance of singleton bean 'parameterNamesModule'
2024-10-31 13:25:28,643 DEBUG [main] o.s.b.f.s.DefaultListableBeanFactory [DefaultSingletonBeanRegistry.java:225] 
Creating shared instance of singleton bean 'org.springframework.boot.autoconfigure.jackson.JacksonAutoConfiguration$ParameterNamesModuleConfiguration'
2024-10-31 13:25:28,653 DEBUG [main] o.s.b.f.s.DefaultListableBeanFactory [DefaultSingletonBeanRegistry.java:225] 
Creating shared instance of singleton bean 'jsonComponentModule'
2024-10-31 13:25:28,653 DEBUG [main] o.s.b.f.s.DefaultListableBeanFactory [DefaultSingletonBeanRegistry.java:225] 
Creating shared instance of singleton bean 'org.springframework.boot.autoconfigure.jackson.JacksonAutoConfiguration'
2024-10-31 13:25:28,671 DEBUG [main] o.s.b.f.s.DefaultListableBeanFactory [DefaultSingletonBeanRegistry.java:225] 
Creating shared instance of singleton bean 'jsonMixinModule'
2024-10-31 13:25:28,672 DEBUG [main] o.s.b.f.s.DefaultListableBeanFactory [ConstructorResolver.java:808] 
Autowiring by type from bean name 'jsonMixinModule' via factory method to bean named 'org.springframework.boot.web.servlet.context.AnnotationConfigServletWebServerApplicationContext@6691490c'
2024-10-31 13:25:28,672 DEBUG [main] o.s.b.a.AutoConfigurationPackages [AutoConfigurationPackages.java:196] 
@EnableAutoConfiguration was declared on a class in the package 'com.nws.api'. Automatic @Repository and @Entity scanning is enabled.
2024-10-31 13:25:28,683 DEBUG [main] o.s.b.f.s.DefaultListableBeanFactory [ConstructorResolver.java:808] 
Autowiring by type from bean name 'jacksonObjectMapper' via factory method to bean named 'jacksonObjectMapperBuilder'
2024-10-31 13:25:28,709 DEBUG [main] o.s.b.f.s.DefaultListableBeanFactory [ConstructorResolver.java:808] 
Autowiring by type from bean name 'mappingJackson2HttpMessageConverter' via factory method to bean named 'jacksonObjectMapper'
2024-10-31 13:25:28,724 DEBUG [main] o.s.b.f.s.DefaultListableBeanFactory [DefaultSingletonBeanRegistry.java:225] 
Creating shared instance of singleton bean 'applicationTaskExecutor'
2024-10-31 13:25:28,728 DEBUG [main] o.s.b.f.s.DefaultListableBeanFactory [ConstructorResolver.java:808] 
Autowiring by type from bean name 'applicationTaskExecutor' via factory method to bean named 'taskExecutorBuilder'
2024-10-31 13:25:28,738 DEBUG [main] o.s.s.c.ThreadPoolTaskExecutor [ExecutorConfigurationSupport.java:181] 
Initializing ExecutorService 'applicationTaskExecutor'
2024-10-31 13:25:28,771 DEBUG [main] o.s.w.s.m.m.a.RequestMappingHandlerAdapter [RequestMappingHandlerAdapter.java:625] 
ControllerAdvice beans: 0 @ModelAttribute, 0 @InitBinder, 1 RequestBodyAdvice, 1 ResponseBodyAdvice
2024-10-31 13:25:28,828 DEBUG [main] o.s.b.f.s.DefaultListableBeanFactory [DefaultSingletonBeanRegistry.java:225] 
Creating shared instance of singleton bean 'welcomePageHandlerMapping'
2024-10-31 13:25:28,834 DEBUG [main] o.s.b.f.s.DefaultListableBeanFactory [DefaultSingletonBeanRegistry.java:225] 
Creating shared instance of singleton bean 'mvcResourceUrlProvider'
2024-10-31 13:25:28,843 DEBUG [main] o.s.b.f.s.DefaultListableBeanFactory [ConstructorResolver.java:808] 
Autowiring by type from bean name 'welcomePageHandlerMapping' via factory method to bean named 'org.springframework.boot.web.servlet.context.AnnotationConfigServletWebServerApplicationContext@6691490c'
