2024-10-31 09:59:47,979 INFO [http-nio-9990-exec-1] o.a.c.c.C.[.[.[/] [DirectJDKLog.java:173] 
Initializing Spring DispatcherServlet 'dispatcherServlet'
2024-10-31 09:59:48,005 INFO [http-nio-9990-exec-1] o.s.w.s.DispatcherServlet [FrameworkServlet.java:525] 
Initializing Servlet 'dispatcherServlet'
2024-10-31 09:59:48,006 DEBUG [http-nio-9990-exec-1] o.s.w.s.DispatcherServlet [DispatcherServlet.java:521] 
Detected StandardServletMultipartResolver
2024-10-31 09:59:48,006 DEBUG [http-nio-9990-exec-1] o.s.w.s.DispatcherServlet [DispatcherServlet.java:545] 
Detected AcceptHeaderLocaleResolver
2024-10-31 09:59:48,006 DEBUG [http-nio-9990-exec-1] o.s.w.s.DispatcherServlet [DispatcherServlet.java:570] 
Detected FixedThemeResolver
2024-10-31 09:59:48,019 DEBUG [http-nio-9990-exec-1] o.s.w.s.DispatcherServlet [DispatcherServlet.java:720] 
Detected org.springframework.web.servlet.view.DefaultRequestToViewNameTranslator@475d3522
2024-10-31 09:59:48,021 DEBUG [http-nio-9990-exec-1] o.s.w.s.DispatcherServlet [DispatcherServlet.java:784] 
Detected org.springframework.web.servlet.support.SessionFlashMapManager@293fdd91
2024-10-31 09:59:48,021 DEBUG [http-nio-9990-exec-1] o.s.w.s.DispatcherServlet [FrameworkServlet.java:542] 
enableLoggingRequestDetails='false': request parameters and headers will be masked to prevent unsafe logging of potentially sensitive data
2024-10-31 09:59:48,021 INFO [http-nio-9990-exec-1] o.s.w.s.DispatcherServlet [FrameworkServlet.java:547] 
Completed initialization in 15 ms
2024-10-31 09:59:48,039 DEBUG [http-nio-9990-exec-1] o.s.w.s.DispatcherServlet [LogFormatUtils.java:119] 
POST "/api/v2/getCompanyData", parameters={}
2024-10-31 09:59:48,056 DEBUG [http-nio-9990-exec-1] o.s.w.s.m.m.a.RequestMappingHandlerMapping [AbstractHandlerMapping.java:522] 
Mapped to com.nws.api.controller.DiamControllerVer2#getCompanyData(Envelope, HttpServletRequest, HttpServletResponse)
2024-10-31 09:59:48,353 INFO [http-nio-9990-exec-1] c.n.a.c.DiamControllerVer2 [DiamControllerVer2.java:756] 
Entered::AbstractEmailDelivery::getRestTemplate()
2024-10-31 09:59:48,918 DEBUG [http-nio-9990-exec-1] o.s.w.c.RestTemplate [CompositeLog.java:127] 
HTTP POST https://10.26.1.19/ws/MOCI/oss3ws/companyregistry/crinfo/v2.1
2024-10-31 09:59:48,924 DEBUG [http-nio-9990-exec-1] o.s.w.c.RestTemplate [CompositeLog.java:127] 
Accept=[text/plain, application/json, application/*+json, */*]
2024-10-31 09:59:48,929 DEBUG [http-nio-9990-exec-1] o.s.w.c.RestTemplate [CompositeLog.java:127] 
Writing [<soapenv:Envelope xmlns:soapenv="http://schemas.xmlsoap.org/soap/envelope/" xmlns:cr="http://www.investeasy.gov.om/schema/cr-2.1">
   <soapenv:Header/>
   <soapenv:Body>
      <cr:companyOverviewRequest>
         <wsRequestHeader>
            <requestId>6</requestId>
            <requestDateTime>2016-04-12T00:00:00.000+04:00</requestDateTime>
            <serviceRequester>PAEW_WSCR</serviceRequester>
            <password>P@3W_WSC8</password>
         </wsRequestHeader>
         <wsRequestBody>
            <crNumber>1234039</crNumber>
         </wsRequestBody>
      </cr:companyOverviewRequest>
   </soapenv:Body>
</soapenv:Envelope>] as "text/xml;charset=UTF-8"
2024-10-31 09:59:48,946 INFO [http-nio-9990-exec-1] c.n.a.p.AuditLogProcessor [AuditLogProcessor.java:31] 
Auditing records in AuditData Processor.
2024-10-31 09:59:49,332 ERROR [pool-2-thread-1] c.n.a.p.AuditLogProcessor [AuditLogProcessor.java:87] 
Exception while Auditing records null
2024-10-31 09:59:49,340 DEBUG [http-nio-9990-exec-1] o.s.w.s.DispatcherServlet [FrameworkServlet.java:1101] 
Failed to complete request: org.springframework.web.client.ResourceAccessException: I/O error on POST request for "https://10.26.1.19/ws/MOCI/oss3ws/companyregistry/crinfo/v2.1": java.security.NoSuchAlgorithmException: Error constructing implementation (algorithm: Default, provider: SunJSSE, class: sun.security.ssl.SSLContextImpl$DefaultSSLContext); nested exception is java.net.SocketException: java.security.NoSuchAlgorithmException: Error constructing implementation (algorithm: Default, provider: SunJSSE, class: sun.security.ssl.SSLContextImpl$DefaultSSLContext)
2024-10-31 09:59:49,347 ERROR [http-nio-9990-exec-1] o.a.c.c.C.[.[.[.[dispatcherServlet] [DirectJDKLog.java:175] 
Servlet.service() for servlet [dispatcherServlet] in context with path [] threw exception [Request processing failed; nested exception is org.springframework.web.client.ResourceAccessException: I/O error on POST request for "https://10.26.1.19/ws/MOCI/oss3ws/companyregistry/crinfo/v2.1": java.security.NoSuchAlgorithmException: Error constructing implementation (algorithm: Default, provider: SunJSSE, class: sun.security.ssl.SSLContextImpl$DefaultSSLContext); nested exception is java.net.SocketException: java.security.NoSuchAlgorithmException: Error constructing implementation (algorithm: Default, provider: SunJSSE, class: sun.security.ssl.SSLContextImpl$DefaultSSLContext)] with root cause
java.security.NoSuchAlgorithmException: Algorithm HmacPBESHA256 not available
	at java.base/javax.crypto.Mac.getInstance(Mac.java:191)
	at java.base/sun.security.pkcs12.PKCS12KeyStore.engineLoad(PKCS12KeyStore.java:2145)
	at java.base/sun.security.util.KeyStoreDelegator.engineLoad(KeyStoreDelegator.java:222)
	at java.base/java.security.KeyStore.load(KeyStore.java:1479)
	at java.base/sun.security.ssl.TrustStoreManager$TrustAnchorManager.loadKeyStore(TrustStoreManager.java:365)
	at java.base/sun.security.ssl.TrustStoreManager$TrustAnchorManager.getTrustedCerts(TrustStoreManager.java:313)
	at java.base/sun.security.ssl.TrustStoreManager.getTrustedCerts(TrustStoreManager.java:55)
	at java.base/sun.security.ssl.TrustManagerFactoryImpl.engineInit(TrustManagerFactoryImpl.java:49)
	at java.base/javax.net.ssl.TrustManagerFactory.init(TrustManagerFactory.java:278)
	at java.base/sun.security.ssl.SSLContextImpl$DefaultManagersHolder.getTrustManagers(SSLContextImpl.java:1053)
	at java.base/sun.security.ssl.SSLContextImpl$DefaultManagersHolder.<clinit>(SSLContextImpl.java:1023)
	at java.base/sun.security.ssl.SSLContextImpl$DefaultSSLContext.<init>(SSLContextImpl.java:1198)
	at java.base/jdk.internal.reflect.NativeConstructorAccessorImpl.newInstance0(Native Method)
	at java.base/jdk.internal.reflect.NativeConstructorAccessorImpl.newInstance(NativeConstructorAccessorImpl.java:62)
	at java.base/jdk.internal.reflect.DelegatingConstructorAccessorImpl.newInstance(DelegatingConstructorAccessorImpl.java:45)
	at java.base/java.lang.reflect.Constructor.newInstance(Constructor.java:490)
	at java.base/java.security.Provider.newInstanceUtil(Provider.java:154)
	at java.base/java.security.Provider$Service.newInstance(Provider.java:1915)
	at java.base/sun.security.jca.GetInstance.getInstance(GetInstance.java:236)
	at java.base/sun.security.jca.GetInstance.getInstance(GetInstance.java:164)
	at java.base/javax.net.ssl.SSLContext.getInstance(SSLContext.java:168)
	at java.base/javax.net.ssl.SSLContext.getDefault(SSLContext.java:99)
	at java.base/javax.net.ssl.SSLSocketFactory.getDefault(SSLSocketFactory.java:123)
	at java.base/javax.net.ssl.HttpsURLConnection.getDefaultSSLSocketFactory(HttpsURLConnection.java:335)
	at java.base/javax.net.ssl.HttpsURLConnection.<init>(HttpsURLConnection.java:292)
	at java.base/sun.net.www.protocol.https.HttpsURLConnectionImpl.<init>(HttpsURLConnectionImpl.java:100)
	at java.base/sun.net.www.protocol.https.Handler.openConnection(Handler.java:62)
	at java.base/sun.net.www.protocol.https.Handler.openConnection(Handler.java:57)
	at java.base/java.net.URL.openConnection(URL.java:1074)
	at org.springframework.http.client.SimpleClientHttpRequestFactory.openConnection(SimpleClientHttpRequestFactory.java:187)
	at org.springframework.http.client.SimpleClientHttpRequestFactory.createRequest(SimpleClientHttpRequestFactory.java:145)
	at org.springframework.http.client.BufferingClientHttpRequestFactory.createRequest(BufferingClientHttpRequestFactory.java:49)
	at org.springframework.http.client.AbstractClientHttpRequestFactoryWrapper.createRequest(AbstractClientHttpRequestFactoryWrapper.java:54)
	at org.springframework.http.client.support.HttpAccessor.createRequest(HttpAccessor.java:124)
	at org.springframework.web.client.RestTemplate.doExecute(RestTemplate.java:778)
	at org.springframework.web.client.RestTemplate.execute(RestTemplate.java:717)
	at org.springframework.web.client.RestTemplate.exchange(RestTemplate.java:608)
	at com.nws.api.controller.DiamControllerVer2.getCompanyData(DiamControllerVer2.java:155)
	at java.base/jdk.internal.reflect.NativeMethodAccessorImpl.invoke0(Native Method)
	at java.base/jdk.internal.reflect.NativeMethodAccessorImpl.invoke(NativeMethodAccessorImpl.java:62)
	at java.base/jdk.internal.reflect.DelegatingMethodAccessorImpl.invoke(DelegatingMethodAccessorImpl.java:43)
	at java.base/java.lang.reflect.Method.invoke(Method.java:566)
	at org.springframework.web.method.support.InvocableHandlerMethod.doInvoke(InvocableHandlerMethod.java:205)
	at org.springframework.web.method.support.InvocableHandlerMethod.invokeForRequest(InvocableHandlerMethod.java:150)
	at org.springframework.web.servlet.mvc.method.annotation.ServletInvocableHandlerMethod.invokeAndHandle(ServletInvocableHandlerMethod.java:117)
	at org.springframework.web.servlet.mvc.method.annotation.RequestMappingHandlerAdapter.invokeHandlerMethod(RequestMappingHandlerAdapter.java:895)
	at org.springframework.web.servlet.mvc.method.annotation.RequestMappingHandlerAdapter.handleInternal(RequestMappingHandlerAdapter.java:808)
	at org.springframework.web.servlet.mvc.method.AbstractHandlerMethodAdapter.handle(AbstractHandlerMethodAdapter.java:87)
	at org.springframework.web.servlet.DispatcherServlet.doDispatch(DispatcherServlet.java:1071)
	at org.springframework.web.servlet.DispatcherServlet.doService(DispatcherServlet.java:964)
	at org.springframework.web.servlet.FrameworkServlet.processRequest(FrameworkServlet.java:1006)
	at org.springframework.web.servlet.FrameworkServlet.doPost(FrameworkServlet.java:909)
	at javax.servlet.http.HttpServlet.service(HttpServlet.java:696)
	at org.springframework.web.servlet.FrameworkServlet.service(FrameworkServlet.java:883)
	at javax.servlet.http.HttpServlet.service(HttpServlet.java:779)
	at org.apache.catalina.core.ApplicationFilterChain.internalDoFilter(ApplicationFilterChain.java:227)
	at org.apache.catalina.core.ApplicationFilterChain.doFilter(ApplicationFilterChain.java:162)
	at org.apache.tomcat.websocket.server.WsFilter.doFilter(WsFilter.java:53)
	at org.apache.catalina.core.ApplicationFilterChain.internalDoFilter(ApplicationFilterChain.java:189)
	at org.apache.catalina.core.ApplicationFilterChain.doFilter(ApplicationFilterChain.java:162)
	at org.springframework.web.filter.RequestContextFilter.doFilterInternal(RequestContextFilter.java:100)
	at org.springframework.web.filter.OncePerRequestFilter.doFilter(OncePerRequestFilter.java:117)
	at org.apache.catalina.core.ApplicationFilterChain.internalDoFilter(ApplicationFilterChain.java:189)
	at org.apache.catalina.core.ApplicationFilterChain.doFilter(ApplicationFilterChain.java:162)
	at org.springframework.web.filter.FormContentFilter.doFilterInternal(FormContentFilter.java:93)
	at org.springframework.web.filter.OncePerRequestFilter.doFilter(OncePerRequestFilter.java:117)
	at org.apache.catalina.core.ApplicationFilterChain.internalDoFilter(ApplicationFilterChain.java:189)
	at org.apache.catalina.core.ApplicationFilterChain.doFilter(ApplicationFilterChain.java:162)
	at org.springframework.web.filter.CharacterEncodingFilter.doFilterInternal(CharacterEncodingFilter.java:201)
	at org.springframework.web.filter.OncePerRequestFilter.doFilter(OncePerRequestFilter.java:117)
	at org.apache.catalina.core.ApplicationFilterChain.internalDoFilter(ApplicationFilterChain.java:189)
	at org.apache.catalina.core.ApplicationFilterChain.doFilter(ApplicationFilterChain.java:162)
	at org.apache.catalina.core.StandardWrapperValve.invoke(StandardWrapperValve.java:177)
	at org.apache.catalina.core.StandardContextValve.invoke(StandardContextValve.java:97)
	at org.apache.catalina.authenticator.AuthenticatorBase.invoke(AuthenticatorBase.java:541)
	at org.apache.catalina.core.StandardHostValve.invoke(StandardHostValve.java:135)
	at org.apache.catalina.valves.ErrorReportValve.invoke(ErrorReportValve.java:92)
	at org.apache.catalina.core.StandardEngineValve.invoke(StandardEngineValve.java:78)
	at org.apache.catalina.connector.CoyoteAdapter.service(CoyoteAdapter.java:360)
	at org.apache.coyote.http11.Http11Processor.service(Http11Processor.java:399)
	at org.apache.coyote.AbstractProcessorLight.process(AbstractProcessorLight.java:65)
	at org.apache.coyote.AbstractProtocol$ConnectionHandler.process(AbstractProtocol.java:891)
	at org.apache.tomcat.util.net.NioEndpoint$SocketProcessor.doRun(NioEndpoint.java:1784)
	at org.apache.tomcat.util.net.SocketProcessorBase.run(SocketProcessorBase.java:49)
	at org.apache.tomcat.util.threads.ThreadPoolExecutor.runWorker(ThreadPoolExecutor.java:1191)
	at org.apache.tomcat.util.threads.ThreadPoolExecutor$Worker.run(ThreadPoolExecutor.java:659)
	at org.apache.tomcat.util.threads.TaskThread$WrappingRunnable.run(TaskThread.java:61)
	at java.base/java.lang.Thread.run(Thread.java:834)
2024-10-31 09:59:49,356 DEBUG [http-nio-9990-exec-1] o.s.w.s.DispatcherServlet [LogFormatUtils.java:119] 
"ERROR" dispatch for POST "/error", parameters={}
