2024-11-01 05:05:52,950 DEBUG [main] o.s.b.w.s.f.OrderedCharacterEncodingFilter [GenericFilterBean.java:242] 
Filter 'characterEncodingFilter' configured for use
2024-11-01 05:05:52,952 DEBUG [main] o.s.b.w.s.f.OrderedFormContentFilter [GenericFilterBean.java:242] 
Filter 'formContentFilter' configured for use
2024-11-01 05:05:52,964 DEBUG [main] o.s.b.f.s.DefaultListableBeanFactory [DefaultSingletonBeanRegistry.java:225] 
Creating shared instance of singleton bean 'nwsMiddlewareApplication'
2024-11-01 05:05:52,977 DEBUG [main] o.s.b.f.s.DefaultListableBeanFactory [DefaultSingletonBeanRegistry.java:225] 
Creating shared instance of singleton bean 'webConfig'
2024-11-01 05:05:52,981 DEBUG [main] o.s.b.f.s.DefaultListableBeanFactory [DefaultSingletonBeanRegistry.java:225] 
Creating shared instance of singleton bean 'baseInterceptor'
2024-11-01 05:05:52,991 DEBUG [main] o.s.b.f.s.DefaultListableBeanFactory [DefaultSingletonBeanRegistry.java:225] 
Creating shared instance of singleton bean 'controllers'
2024-11-01 05:05:52,996 DEBUG [main] o.s.b.f.s.DefaultListableBeanFactory [DefaultSingletonBeanRegistry.java:225] 
Creating shared instance of singleton bean 'diamControllerVer1'
2024-11-01 05:05:53,010 DEBUG [main] o.s.b.f.s.DefaultListableBeanFactory [DefaultSingletonBeanRegistry.java:225] 
Creating shared instance of singleton bean 'diamServiceVer1'
2024-11-01 05:05:53,015 DEBUG [main] o.s.c.e.PropertySourcesPropertyResolver [PropertySourcesPropertyResolver.java:115] 
Found key 'getbilldata-target-url' in PropertySource 'environmentProperties' with value of type String
2024-11-01 05:05:53,018 DEBUG [main] o.s.c.e.PropertySourcesPropertyResolver [PropertySourcesPropertyResolver.java:115] 
Found key 'getbillpdf-target-url' in PropertySource 'environmentProperties' with value of type String
2024-11-01 05:05:53,021 DEBUG [main] o.s.c.e.PropertySourcesPropertyResolver [PropertySourcesPropertyResolver.java:115] 
Found key 'getgbill64-target-url' in PropertySource 'environmentProperties' with value of type String
2024-11-01 05:05:53,022 DEBUG [main] o.s.c.e.PropertySourcesPropertyResolver [PropertySourcesPropertyResolver.java:115] 
Found key 'getbilldetails-target-url' in PropertySource 'environmentProperties' with value of type String
2024-11-01 05:05:53,024 DEBUG [main] o.s.c.e.PropertySourcesPropertyResolver [PropertySourcesPropertyResolver.java:115] 
Found key 'getbillsummary-target-url' in PropertySource 'environmentProperties' with value of type String
2024-11-01 05:05:53,025 DEBUG [main] o.s.c.e.PropertySourcesPropertyResolver [PropertySourcesPropertyResolver.java:115] 
Found key 'getgroupbilldetails-target-url' in PropertySource 'environmentProperties' with value of type String
2024-11-01 05:05:53,026 DEBUG [main] o.s.c.e.PropertySourcesPropertyResolver [PropertySourcesPropertyResolver.java:115] 
Found key 'getgroupbillinfo-target-url' in PropertySource 'environmentProperties' with value of type String
2024-11-01 05:05:53,030 DEBUG [main] o.s.c.e.PropertySourcesPropertyResolver [PropertySourcesPropertyResolver.java:115] 
Found key 'inquirypayment-target-url' in PropertySource 'environmentProperties' with value of type String
2024-11-01 05:05:53,035 DEBUG [main] o.s.b.f.s.DefaultListableBeanFactory [DefaultSingletonBeanRegistry.java:225] 
Creating shared instance of singleton bean 'getRecordCSHandlerVer1'
2024-11-01 05:05:53,043 DEBUG [main] o.s.c.e.PropertySourcesPropertyResolver [PropertySourcesPropertyResolver.java:115] 
Found key 'getmeterreading-target-url' in PropertySource 'environmentProperties' with value of type String
2024-11-01 05:05:53,048 DEBUG [main] o.s.c.e.PropertySourcesPropertyResolver [PropertySourcesPropertyResolver.java:115] 
Found key 'getrecordcs-target-url' in PropertySource 'environmentProperties' with value of type String
2024-11-01 05:05:53,049 DEBUG [main] o.s.c.e.PropertySourcesPropertyResolver [PropertySourcesPropertyResolver.java:115] 
Found key 'gis-getrecord-target-url' in PropertySource 'environmentProperties' with value of type String
2024-11-01 05:05:53,052 DEBUG [main] o.s.c.e.PropertySourcesPropertyResolver [PropertySourcesPropertyResolver.java:115] 
Found key 'auth-username' in PropertySource 'environmentProperties' with value of type String
2024-11-01 05:05:53,053 DEBUG [main] o.s.c.e.PropertySourcesPropertyResolver [PropertySourcesPropertyResolver.java:115] 
Found key 'auth-password' in PropertySource 'environmentProperties' with value of type String
2024-11-01 05:05:53,056 DEBUG [main] o.s.b.f.s.DefaultListableBeanFactory [DefaultSingletonBeanRegistry.java:225] 
Creating shared instance of singleton bean 'getRecordGISCSHandlerVer1'
2024-11-01 05:05:53,058 DEBUG [main] o.s.c.e.PropertySourcesPropertyResolver [PropertySourcesPropertyResolver.java:115] 
Found key 'getmeterreading-target-url' in PropertySource 'environmentProperties' with value of type String
2024-11-01 05:05:53,061 DEBUG [main] o.s.c.e.PropertySourcesPropertyResolver [PropertySourcesPropertyResolver.java:115] 
Found key 'getrecordcs-target-url' in PropertySource 'environmentProperties' with value of type String
2024-11-01 05:05:53,064 DEBUG [main] o.s.c.e.PropertySourcesPropertyResolver [PropertySourcesPropertyResolver.java:115] 
Found key 'gis-getrecord-target-url' in PropertySource 'environmentProperties' with value of type String
2024-11-01 05:05:53,073 DEBUG [main] o.s.c.e.PropertySourcesPropertyResolver [PropertySourcesPropertyResolver.java:115] 
Found key 'auth-username' in PropertySource 'environmentProperties' with value of type String
2024-11-01 05:05:53,074 DEBUG [main] o.s.c.e.PropertySourcesPropertyResolver [PropertySourcesPropertyResolver.java:115] 
Found key 'auth-password' in PropertySource 'environmentProperties' with value of type String
2024-11-01 05:05:53,075 DEBUG [main] o.s.c.e.PropertySourcesPropertyResolver [PropertySourcesPropertyResolver.java:115] 
Found key 'getplotdetailsbycrookie-target-url' in PropertySource 'environmentProperties' with value of type String
2024-11-01 05:05:53,079 DEBUG [main] o.s.c.e.PropertySourcesPropertyResolver [PropertySourcesPropertyResolver.java:115] 
Found key 'getplotdetailsbycrookie-soap-action' in PropertySource 'environmentProperties' with value of type String
2024-11-01 05:05:53,085 DEBUG [main] o.s.c.e.PropertySourcesPropertyResolver [PropertySourcesPropertyResolver.java:115] 
Found key 'getplotdetailsbycrookie.username' in PropertySource 'environmentProperties' with value of type String
2024-11-01 05:05:53,090 DEBUG [main] o.s.c.e.PropertySourcesPropertyResolver [PropertySourcesPropertyResolver.java:115] 
Found key 'getplotdetailsbycrookie.password' in PropertySource 'environmentProperties' with value of type String
2024-11-01 05:05:53,092 DEBUG [main] o.s.c.e.PropertySourcesPropertyResolver [PropertySourcesPropertyResolver.java:115] 
Found key 'getsocialbenefitdata.username' in PropertySource 'environmentProperties' with value of type String
2024-11-01 05:05:53,092 DEBUG [main] o.s.c.e.PropertySourcesPropertyResolver [PropertySourcesPropertyResolver.java:115] 
Found key 'getsocialbenefitdata.password' in PropertySource 'environmentProperties' with value of type String
2024-11-01 05:05:53,109 DEBUG [main] o.s.c.e.PropertySourcesPropertyResolver [PropertySourcesPropertyResolver.java:115] 
Found key 'getsocialbenefitdata-target-url' in PropertySource 'environmentProperties' with value of type String
2024-11-01 05:05:53,110 DEBUG [main] o.s.c.e.PropertySourcesPropertyResolver [PropertySourcesPropertyResolver.java:115] 
Found key 'getsocialbenefitdata-soap-action' in PropertySource 'environmentProperties' with value of type String
2024-11-01 05:05:53,111 DEBUG [main] o.s.c.e.PropertySourcesPropertyResolver [PropertySourcesPropertyResolver.java:115] 
Found key 'getsocialbenefitdata-target-request-body' in PropertySource 'environmentProperties' with value of type String
2024-11-01 05:05:53,112 DEBUG [main] o.s.c.e.PropertySourcesPropertyResolver [PropertySourcesPropertyResolver.java:115] 
Found key 'getmeterreading-target-url' in PropertySource 'environmentProperties' with value of type String
2024-11-01 05:05:53,112 DEBUG [main] o.s.c.e.PropertySourcesPropertyResolver [PropertySourcesPropertyResolver.java:115] 
Found key 'auth-username' in PropertySource 'environmentProperties' with value of type String
2024-11-01 05:05:53,113 DEBUG [main] o.s.c.e.PropertySourcesPropertyResolver [PropertySourcesPropertyResolver.java:115] 
Found key 'auth-password' in PropertySource 'environmentProperties' with value of type String
2024-11-01 05:05:53,113 DEBUG [main] o.s.b.f.s.DefaultListableBeanFactory [DefaultSingletonBeanRegistry.java:225] 
Creating shared instance of singleton bean 'diamControllerVer2'
2024-11-01 05:05:53,116 DEBUG [main] o.s.b.f.s.DefaultListableBeanFactory [DefaultSingletonBeanRegistry.java:225] 
Creating shared instance of singleton bean 'diamServiceVer2'
2024-11-01 05:05:53,119 DEBUG [main] o.s.c.e.PropertySourcesPropertyResolver [PropertySourcesPropertyResolver.java:115] 
Found key 'getbilldata-target-url' in PropertySource 'environmentProperties' with value of type String
2024-11-01 05:05:53,120 DEBUG [main] o.s.c.e.PropertySourcesPropertyResolver [PropertySourcesPropertyResolver.java:115] 
Found key 'getbillpdf-target-url' in PropertySource 'environmentProperties' with value of type String
2024-11-01 05:05:53,120 DEBUG [main] o.s.c.e.PropertySourcesPropertyResolver [PropertySourcesPropertyResolver.java:115] 
Found key 'getgbill64-target-url' in PropertySource 'environmentProperties' with value of type String
2024-11-01 05:05:53,121 DEBUG [main] o.s.c.e.PropertySourcesPropertyResolver [PropertySourcesPropertyResolver.java:115] 
Found key 'getbilldetails-target-url' in PropertySource 'environmentProperties' with value of type String
2024-11-01 05:05:53,121 DEBUG [main] o.s.c.e.PropertySourcesPropertyResolver [PropertySourcesPropertyResolver.java:115] 
Found key 'getbillsummary-target-url' in PropertySource 'environmentProperties' with value of type String
2024-11-01 05:05:53,121 DEBUG [main] o.s.c.e.PropertySourcesPropertyResolver [PropertySourcesPropertyResolver.java:115] 
Found key 'getgroupbilldetails-target-url' in PropertySource 'environmentProperties' with value of type String
2024-11-01 05:05:53,121 DEBUG [main] o.s.c.e.PropertySourcesPropertyResolver [PropertySourcesPropertyResolver.java:115] 
Found key 'getgroupbillinfo-target-url' in PropertySource 'environmentProperties' with value of type String
2024-11-01 05:05:53,123 DEBUG [main] o.s.c.e.PropertySourcesPropertyResolver [PropertySourcesPropertyResolver.java:115] 
Found key 'inquirypayment-target-url' in PropertySource 'environmentProperties' with value of type String
2024-11-01 05:05:53,123 DEBUG [main] o.s.b.f.s.DefaultListableBeanFactory [DefaultSingletonBeanRegistry.java:225] 
Creating shared instance of singleton bean 'getRecordCSHandlerVer2'
2024-11-01 05:05:53,124 DEBUG [main] o.s.c.e.PropertySourcesPropertyResolver [PropertySourcesPropertyResolver.java:115] 
Found key 'getmeterreading-target-url' in PropertySource 'environmentProperties' with value of type String
2024-11-01 05:05:53,124 DEBUG [main] o.s.c.e.PropertySourcesPropertyResolver [PropertySourcesPropertyResolver.java:115] 
Found key 'getrecordcs-target-url' in PropertySource 'environmentProperties' with value of type String
2024-11-01 05:05:53,130 DEBUG [main] o.s.c.e.PropertySourcesPropertyResolver [PropertySourcesPropertyResolver.java:115] 
Found key 'gis-getrecord-target-url' in PropertySource 'environmentProperties' with value of type String
2024-11-01 05:05:53,130 DEBUG [main] o.s.c.e.PropertySourcesPropertyResolver [PropertySourcesPropertyResolver.java:115] 
Found key 'auth-username' in PropertySource 'environmentProperties' with value of type String
2024-11-01 05:05:53,130 DEBUG [main] o.s.c.e.PropertySourcesPropertyResolver [PropertySourcesPropertyResolver.java:115] 
Found key 'auth-password' in PropertySource 'environmentProperties' with value of type String
2024-11-01 05:05:53,154 DEBUG [main] o.s.b.f.s.DefaultListableBeanFactory [DefaultSingletonBeanRegistry.java:225] 
Creating shared instance of singleton bean 'getRecordGISCSHandlerVer2'
2024-11-01 05:05:53,155 DEBUG [main] o.s.c.e.PropertySourcesPropertyResolver [PropertySourcesPropertyResolver.java:115] 
Found key 'getmeterreading-target-url' in PropertySource 'environmentProperties' with value of type String
2024-11-01 05:05:53,156 DEBUG [main] o.s.c.e.PropertySourcesPropertyResolver [PropertySourcesPropertyResolver.java:115] 
Found key 'getrecordcs-target-url' in PropertySource 'environmentProperties' with value of type String
2024-11-01 05:05:53,157 DEBUG [main] o.s.c.e.PropertySourcesPropertyResolver [PropertySourcesPropertyResolver.java:115] 
Found key 'gis-getrecord-target-url' in PropertySource 'environmentProperties' with value of type String
2024-11-01 05:05:53,157 DEBUG [main] o.s.c.e.PropertySourcesPropertyResolver [PropertySourcesPropertyResolver.java:115] 
Found key 'auth-username' in PropertySource 'environmentProperties' with value of type String
2024-11-01 05:05:53,158 DEBUG [main] o.s.c.e.PropertySourcesPropertyResolver [PropertySourcesPropertyResolver.java:115] 
Found key 'auth-password' in PropertySource 'environmentProperties' with value of type String
2024-11-01 05:05:53,158 DEBUG [main] o.s.b.c.p.s.ConfigurationPropertySourcesPropertyResolver$DefaultResolver [PropertySourcesPropertyResolver.java:115] 
Found key 'getPersonInformationURL-internal-service-url' in PropertySource 'Config resource 'class path resource [application.properties]' via location 'optional:classpath:/'' with value of type String
2024-11-01 05:05:53,158 DEBUG [main] o.s.c.e.PropertySourcesPropertyResolver [PropertySourcesPropertyResolver.java:115] 
Found key 'getPersonInformationURL-internal-service-url' in PropertySource 'environmentProperties' with value of type String
