2024-10-31 13:12:41,886 INFO [http-nio-9990-exec-1] o.a.c.c.C.[.[.[/] [DirectJDKLog.java:173] 
Initializing Spring DispatcherServlet 'dispatcherServlet'
2024-10-31 13:12:41,912 INFO [http-nio-9990-exec-1] o.s.w.s.DispatcherServlet [FrameworkServlet.java:525] 
Initializing Servlet 'dispatcherServlet'
2024-10-31 13:12:41,912 DEBUG [http-nio-9990-exec-1] o.s.w.s.DispatcherServlet [DispatcherServlet.java:521] 
Detected StandardServletMultipartResolver
2024-10-31 13:12:41,912 DEBUG [http-nio-9990-exec-1] o.s.w.s.DispatcherServlet [DispatcherServlet.java:545] 
Detected AcceptHeaderLocaleResolver
2024-10-31 13:12:41,912 DEBUG [http-nio-9990-exec-1] o.s.w.s.DispatcherServlet [DispatcherServlet.java:570] 
Detected FixedThemeResolver
2024-10-31 13:12:41,914 DEBUG [http-nio-9990-exec-1] o.s.w.s.DispatcherServlet [DispatcherServlet.java:720] 
Detected org.springframework.web.servlet.view.DefaultRequestToViewNameTranslator@76807dee
2024-10-31 13:12:41,915 DEBUG [http-nio-9990-exec-1] o.s.w.s.DispatcherServlet [DispatcherServlet.java:784] 
Detected org.springframework.web.servlet.support.SessionFlashMapManager@4e7155e9
2024-10-31 13:12:41,915 DEBUG [http-nio-9990-exec-1] o.s.w.s.DispatcherServlet [FrameworkServlet.java:542] 
enableLoggingRequestDetails='false': request parameters and headers will be masked to prevent unsafe logging of potentially sensitive data
2024-10-31 13:12:41,915 INFO [http-nio-9990-exec-1] o.s.w.s.DispatcherServlet [FrameworkServlet.java:547] 
Completed initialization in 3 ms
2024-10-31 13:12:41,928 DEBUG [http-nio-9990-exec-1] o.s.w.s.DispatcherServlet [LogFormatUtils.java:119] 
GET "/api/v2/getTest", parameters={}
2024-10-31 13:12:41,949 DEBUG [http-nio-9990-exec-1] o.s.w.s.h.SimpleUrlHandlerMapping [AbstractHandlerMapping.java:522] 
Mapped to ResourceHttpRequestHandler [classpath [META-INF/resources/], classpath [resources/], classpath [static/], classpath [public/], ServletContext [/]]
2024-10-31 13:12:41,950 INFO [http-nio-9990-exec-1] c.n.a.i.BaseInterceptor [BaseInterceptor.java:52] 
Inside prehandle
2024-10-31 13:12:41,969 INFO [http-nio-9990-exec-1] c.n.a.i.BaseInterceptor [BaseInterceptor.java:232] 
############Request Processing started for request-id null and esbURL is /api/v2/getTest
2024-10-31 13:12:41,975 INFO [http-nio-9990-exec-1] c.n.a.i.BaseInterceptor [BaseInterceptor.java:248] 
Invalid URL sent by requestId null
2024-10-31 13:12:41,976 DEBUG [http-nio-9990-exec-1] o.s.w.s.DispatcherServlet [FrameworkServlet.java:1131] 
Completed 404 NOT_FOUND
2024-10-31 13:12:41,983 DEBUG [http-nio-9990-exec-1] o.s.w.s.DispatcherServlet [LogFormatUtils.java:119] 
"ERROR" dispatch for GET "/error", parameters={}
2024-10-31 13:12:41,985 DEBUG [http-nio-9990-exec-1] o.s.w.s.m.m.a.RequestMappingHandlerMapping [AbstractHandlerMapping.java:522] 
Mapped to org.springframework.boot.autoconfigure.web.servlet.error.BasicErrorController#error(HttpServletRequest)
2024-10-31 13:12:41,986 INFO [http-nio-9990-exec-1] c.n.a.i.BaseInterceptor [BaseInterceptor.java:52] 
Inside prehandle
2024-10-31 13:12:41,986 INFO [http-nio-9990-exec-1] c.n.a.i.BaseInterceptor [BaseInterceptor.java:232] 
############Request Processing started for request-id null and esbURL is /error
2024-10-31 13:12:42,284 INFO [http-nio-9990-exec-1] c.n.a.i.BaseInterceptor [BaseInterceptor.java:248] 
Invalid URL sent by requestId null
2024-10-31 13:12:42,284 DEBUG [http-nio-9990-exec-1] o.s.w.s.DispatcherServlet [FrameworkServlet.java:1127] 
Exiting from "ERROR" dispatch, status 404
2024-10-31 13:13:24,525 DEBUG [http-nio-9990-exec-3] o.s.w.s.DispatcherServlet [LogFormatUtils.java:119] 
GET "/api/v2/getTest", parameters={}
2024-10-31 13:13:24,526 DEBUG [http-nio-9990-exec-3] o.s.w.s.h.SimpleUrlHandlerMapping [AbstractHandlerMapping.java:522] 
Mapped to ResourceHttpRequestHandler [classpath [META-INF/resources/], classpath [resources/], classpath [static/], classpath [public/], ServletContext [/]]
2024-10-31 13:13:24,527 INFO [http-nio-9990-exec-3] c.n.a.i.BaseInterceptor [BaseInterceptor.java:52] 
Inside prehandle
2024-10-31 13:13:24,528 INFO [http-nio-9990-exec-3] c.n.a.i.BaseInterceptor [BaseInterceptor.java:232] 
############Request Processing started for request-id null and esbURL is /api/v2/getTest
2024-10-31 13:13:24,528 INFO [http-nio-9990-exec-3] c.n.a.i.BaseInterceptor [BaseInterceptor.java:248] 
Invalid URL sent by requestId null
2024-10-31 13:13:24,528 DEBUG [http-nio-9990-exec-3] o.s.w.s.DispatcherServlet [FrameworkServlet.java:1131] 
Completed 404 NOT_FOUND
2024-10-31 13:13:24,529 DEBUG [http-nio-9990-exec-3] o.s.w.s.DispatcherServlet [LogFormatUtils.java:119] 
"ERROR" dispatch for GET "/error", parameters={}
2024-10-31 13:13:24,529 DEBUG [http-nio-9990-exec-3] o.s.w.s.m.m.a.RequestMappingHandlerMapping [AbstractHandlerMapping.java:522] 
Mapped to org.springframework.boot.autoconfigure.web.servlet.error.BasicErrorController#error(HttpServletRequest)
2024-10-31 13:13:24,529 INFO [http-nio-9990-exec-3] c.n.a.i.BaseInterceptor [BaseInterceptor.java:52] 
Inside prehandle
2024-10-31 13:13:24,530 INFO [http-nio-9990-exec-3] c.n.a.i.BaseInterceptor [BaseInterceptor.java:232] 
############Request Processing started for request-id null and esbURL is /error
2024-10-31 13:13:24,530 INFO [http-nio-9990-exec-3] c.n.a.i.BaseInterceptor [BaseInterceptor.java:248] 
Invalid URL sent by requestId null
2024-10-31 13:13:24,530 DEBUG [http-nio-9990-exec-3] o.s.w.s.DispatcherServlet [FrameworkServlet.java:1127] 
Exiting from "ERROR" dispatch, status 404
2024-10-31 13:15:26,180 INFO [RMI TCP Connection(10)-127.0.0.1] o.s.b.a.SpringApplicationAdminMXBeanRegistrar$SpringApplicationAdmin [SpringApplicationAdminMXBeanRegistrar.java:159] 
Application shutdown requested.
2024-10-31 13:15:26,185 DEBUG [RMI TCP Connection(10)-127.0.0.1] o.s.b.a.ApplicationAvailabilityBean [ApplicationAvailabilityBean.java:77] 
Application availability state ReadinessState changed from ACCEPTING_TRAFFIC to REFUSING_TRAFFIC
2024-10-31 13:15:26,185 DEBUG [RMI TCP Connection(10)-127.0.0.1] o.s.b.w.s.c.AnnotationConfigServletWebServerApplicationContext [AbstractApplicationContext.java:1049] 
Closing org.springframework.boot.web.servlet.context.AnnotationConfigServletWebServerApplicationContext@6175619b, started on Thu Oct 31 13:10:39 GST 2024
2024-10-31 13:15:26,187 DEBUG [RMI TCP Connection(10)-127.0.0.1] o.s.c.s.DefaultLifecycleProcessor [DefaultLifecycleProcessor.java:365] 
Stopping beans in phase 2147483647
2024-10-31 13:15:26,242 DEBUG [RMI TCP Connection(10)-127.0.0.1] o.s.c.s.DefaultLifecycleProcessor [DefaultLifecycleProcessor.java:238] 
Bean 'webServerGracefulShutdown' completed its stop procedure
2024-10-31 13:15:26,243 DEBUG [RMI TCP Connection(10)-127.0.0.1] o.s.c.s.DefaultLifecycleProcessor [DefaultLifecycleProcessor.java:365] 
Stopping beans in phase 2147483646
2024-10-31 13:15:26,445 INFO [RMI TCP Connection(10)-127.0.0.1] o.a.c.h.Http11NioProtocol [DirectJDKLog.java:173] 
Pausing ProtocolHandler ["http-nio-9990"]
2024-10-31 13:15:26,445 INFO [RMI TCP Connection(10)-127.0.0.1] o.a.c.c.StandardService [DirectJDKLog.java:173] 
Stopping service [Tomcat]
2024-10-31 13:15:26,448 INFO [RMI TCP Connection(10)-127.0.0.1] o.a.c.c.C.[.[.[/] [DirectJDKLog.java:173] 
Destroying Spring FrameworkServlet 'dispatcherServlet'
2024-10-31 13:15:26,626 WARN [RMI TCP Connection(10)-127.0.0.1] o.a.c.l.WebappClassLoaderBase [DirectJDKLog.java:173] 
The web application [ROOT] appears to have started a thread named [logback-7] but has failed to stop it. This is very likely to create a memory leak. Stack trace of thread:
 java.base@11.0.10/jdk.internal.misc.Unsafe.park(Native Method)
 java.base@11.0.10/java.util.concurrent.locks.LockSupport.park(LockSupport.java:194)
 java.base@11.0.10/java.util.concurrent.locks.AbstractQueuedSynchronizer$ConditionObject.await(AbstractQueuedSynchronizer.java:2081)
 java.base@11.0.10/java.util.concurrent.ScheduledThreadPoolExecutor$DelayedWorkQueue.take(ScheduledThreadPoolExecutor.java:1170)
 java.base@11.0.10/java.util.concurrent.ScheduledThreadPoolExecutor$DelayedWorkQueue.take(ScheduledThreadPoolExecutor.java:899)
 java.base@11.0.10/java.util.concurrent.ThreadPoolExecutor.getTask(ThreadPoolExecutor.java:1054)
 java.base@11.0.10/java.util.concurrent.ThreadPoolExecutor.runWorker(ThreadPoolExecutor.java:1114)
 java.base@11.0.10/java.util.concurrent.ThreadPoolExecutor$Worker.run(ThreadPoolExecutor.java:628)
 java.base@11.0.10/java.lang.Thread.run(Thread.java:834)
2024-10-31 13:15:26,629 INFO [RMI TCP Connection(10)-127.0.0.1] o.a.c.h.Http11NioProtocol [DirectJDKLog.java:173] 
Stopping ProtocolHandler ["http-nio-9990"]
2024-10-31 13:15:26,637 INFO [RMI TCP Connection(10)-127.0.0.1] o.a.c.h.Http11NioProtocol [DirectJDKLog.java:173] 
Destroying ProtocolHandler ["http-nio-9990"]
2024-10-31 13:15:26,639 DEBUG [RMI TCP Connection(10)-127.0.0.1] o.s.c.s.DefaultLifecycleProcessor [DefaultLifecycleProcessor.java:238] 
Bean 'webServerStartStop' completed its stop procedure
2024-10-31 13:15:26,639 DEBUG [RMI TCP Connection(10)-127.0.0.1] o.s.c.s.DefaultLifecycleProcessor [DefaultLifecycleProcessor.java:365] 
Stopping beans in phase -2147483647
2024-10-31 13:15:26,639 DEBUG [RMI TCP Connection(10)-127.0.0.1] o.s.c.s.DefaultLifecycleProcessor [DefaultLifecycleProcessor.java:238] 
Bean 'springBootLoggingLifecycle' completed its stop procedure
2024-10-31 13:15:26,640 DEBUG [RMI TCP Connection(10)-127.0.0.1] o.s.j.e.a.AnnotationMBeanExporter [MBeanExporter.java:452] 
Unregistering JMX-exposed beans on shutdown
2024-10-31 13:15:26,642 DEBUG [RMI TCP Connection(10)-127.0.0.1] o.s.s.c.ThreadPoolTaskExecutor [ExecutorConfigurationSupport.java:218] 
Shutting down ExecutorService 'applicationTaskExecutor'
2024-10-31 13:17:12,515 INFO [main] c.n.a.NwsMiddlewareApplication [StartupInfoLogger.java:55] 
Starting NwsMiddlewareApplication using Java 11.0.10 on DIAM-ITAMIDWARE with PID 72720 (D:\allConfigData\NwsMiddleware\target\classes started by PAMIDMGMT in D:\allConfigData\NwsMiddleware)
2024-10-31 13:17:12,518 DEBUG [main] c.n.a.NwsMiddlewareApplication [StartupInfoLogger.java:56] 
Running with Spring Boot v2.7.9, Spring v5.3.25
2024-10-31 13:17:12,520 INFO [main] c.n.a.NwsMiddlewareApplication [SpringApplication.java:631] 
No active profile set, falling back to 1 default profile: "default"
2024-10-31 13:17:12,521 DEBUG [main] o.s.b.SpringApplication [SpringApplication.java:664] 
Loading source class com.nws.api.NwsMiddlewareApplication
2024-10-31 13:17:12,600 DEBUG [main] o.s.b.w.s.c.AnnotationConfigServletWebServerApplicationContext [AbstractApplicationContext.java:629] 
Refreshing org.springframework.boot.web.servlet.context.AnnotationConfigServletWebServerApplicationContext@2f058b8a
2024-10-31 13:17:12,623 DEBUG [main] o.s.b.f.s.DefaultListableBeanFactory [DefaultSingletonBeanRegistry.java:225] 
Creating shared instance of singleton bean 'org.springframework.context.annotation.internalConfigurationAnnotationProcessor'
2024-10-31 13:17:12,639 DEBUG [main] o.s.b.f.s.DefaultListableBeanFactory [DefaultSingletonBeanRegistry.java:225] 
Creating shared instance of singleton bean 'org.springframework.boot.autoconfigure.internalCachingMetadataReaderFactory'
2024-10-31 13:17:12,712 DEBUG [main] o.s.c.a.ClassPathBeanDefinitionScanner [ClassPathScanningCandidateComponentProvider.java:435] 
Identified candidate component class: file [D:\allConfigData\NwsMiddleware\target\classes\com\nws\api\config\WebConfig.class]
2024-10-31 13:17:12,737 DEBUG [main] o.s.c.a.ClassPathBeanDefinitionScanner [ClassPathScanningCandidateComponentProvider.java:435] 
Identified candidate component class: file [D:\allConfigData\NwsMiddleware\target\classes\com\nws\api\controller\Controllers.class]
2024-10-31 13:17:12,741 DEBUG [main] o.s.c.a.ClassPathBeanDefinitionScanner [ClassPathScanningCandidateComponentProvider.java:435] 
Identified candidate component class: file [D:\allConfigData\NwsMiddleware\target\classes\com\nws\api\controller\DiamControllerVer1.class]
2024-10-31 13:17:12,746 DEBUG [main] o.s.c.a.ClassPathBeanDefinitionScanner [ClassPathScanningCandidateComponentProvider.java:435] 
Identified candidate component class: file [D:\allConfigData\NwsMiddleware\target\classes\com\nws\api\controller\DiamControllerVer2.class]
2024-10-31 13:17:12,750 DEBUG [main] o.s.c.a.ClassPathBeanDefinitionScanner [ClassPathScanningCandidateComponentProvider.java:435] 
Identified candidate component class: file [D:\allConfigData\NwsMiddleware\target\classes\com\nws\api\esb\ConnectionHelper.class]
2024-10-31 13:17:12,753 DEBUG [main] o.s.c.a.ClassPathBeanDefinitionScanner [ClassPathScanningCandidateComponentProvider.java:435] 
Identified candidate component class: file [D:\allConfigData\NwsMiddleware\target\classes\com\nws\api\exception\GlobalExceptionHandler.class]
2024-10-31 13:17:12,756 DEBUG [main] o.s.c.a.ClassPathBeanDefinitionScanner [ClassPathScanningCandidateComponentProvider.java:435] 
Identified candidate component class: file [D:\allConfigData\NwsMiddleware\target\classes\com\nws\api\interceptor\BaseInterceptor.class]
2024-10-31 13:17:12,763 DEBUG [main] o.s.c.a.ClassPathBeanDefinitionScanner [ClassPathScanningCandidateComponentProvider.java:435] 
Identified candidate component class: file [D:\allConfigData\NwsMiddleware\target\classes\com\nws\api\service\DiamServiceVer1.class]
