2024-10-31 09:56:59,244 INFO [http-nio-9990-exec-1] o.a.c.c.C.[.[.[/] [DirectJDKLog.java:173] 
Initializing Spring DispatcherServlet 'dispatcherServlet'
2024-10-31 09:56:59,262 INFO [http-nio-9990-exec-1] o.s.w.s.DispatcherServlet [FrameworkServlet.java:525] 
Initializing Servlet 'dispatcherServlet'
2024-10-31 09:56:59,262 DEBUG [http-nio-9990-exec-1] o.s.w.s.DispatcherServlet [DispatcherServlet.java:521] 
Detected StandardServletMultipartResolver
2024-10-31 09:56:59,262 DEBUG [http-nio-9990-exec-1] o.s.w.s.DispatcherServlet [DispatcherServlet.java:545] 
Detected AcceptHeaderLocaleResolver
2024-10-31 09:56:59,263 DEBUG [http-nio-9990-exec-1] o.s.w.s.DispatcherServlet [DispatcherServlet.java:570] 
Detected FixedThemeResolver
2024-10-31 09:56:59,272 DEBUG [http-nio-9990-exec-1] o.s.w.s.DispatcherServlet [DispatcherServlet.java:720] 
Detected org.springframework.web.servlet.view.DefaultRequestToViewNameTranslator@4fdc7ee6
2024-10-31 09:56:59,272 DEBUG [http-nio-9990-exec-1] o.s.w.s.DispatcherServlet [DispatcherServlet.java:784] 
Detected org.springframework.web.servlet.support.SessionFlashMapManager@308cfc8b
2024-10-31 09:56:59,272 DEBUG [http-nio-9990-exec-1] o.s.w.s.DispatcherServlet [FrameworkServlet.java:542] 
enableLoggingRequestDetails='false': request parameters and headers will be masked to prevent unsafe logging of potentially sensitive data
2024-10-31 09:56:59,272 INFO [http-nio-9990-exec-1] o.s.w.s.DispatcherServlet [FrameworkServlet.java:547] 
Completed initialization in 10 ms
2024-10-31 09:56:59,289 DEBUG [http-nio-9990-exec-1] o.s.w.s.DispatcherServlet [LogFormatUtils.java:119] 
POST "/api/v2/getCompanyData", parameters={}
2024-10-31 09:56:59,299 DEBUG [http-nio-9990-exec-1] o.s.w.s.m.m.a.RequestMappingHandlerMapping [AbstractHandlerMapping.java:522] 
Mapped to com.nws.api.controller.DiamControllerVer2#getCompanyData(Envelope, HttpServletRequest, HttpServletResponse)
2024-10-31 09:56:59,675 INFO [http-nio-9990-exec-1] c.n.a.p.AuditLogProcessor [AuditLogProcessor.java:31] 
Auditing records in AuditData Processor.
2024-10-31 09:57:00,118 ERROR [pool-2-thread-1] c.n.a.p.AuditLogProcessor [AuditLogProcessor.java:87] 
Exception while Auditing records null
2024-10-31 09:57:00,125 DEBUG [http-nio-9990-exec-1] o.s.w.s.DispatcherServlet [FrameworkServlet.java:1101] 
Failed to complete request: java.lang.NullPointerException
2024-10-31 09:57:00,130 ERROR [http-nio-9990-exec-1] o.a.c.c.C.[.[.[.[dispatcherServlet] [DirectJDKLog.java:175] 
Servlet.service() for servlet [dispatcherServlet] in context with path [] threw exception [Request processing failed; nested exception is java.lang.NullPointerException] with root cause
java.lang.NullPointerException: null
	at com.nws.api.controller.DiamControllerVer2.getCompanyData(DiamControllerVer2.java:140)
	at java.base/jdk.internal.reflect.NativeMethodAccessorImpl.invoke0(Native Method)
	at java.base/jdk.internal.reflect.NativeMethodAccessorImpl.invoke(NativeMethodAccessorImpl.java:62)
	at java.base/jdk.internal.reflect.DelegatingMethodAccessorImpl.invoke(DelegatingMethodAccessorImpl.java:43)
	at java.base/java.lang.reflect.Method.invoke(Method.java:566)
	at org.springframework.web.method.support.InvocableHandlerMethod.doInvoke(InvocableHandlerMethod.java:205)
	at org.springframework.web.method.support.InvocableHandlerMethod.invokeForRequest(InvocableHandlerMethod.java:150)
	at org.springframework.web.servlet.mvc.method.annotation.ServletInvocableHandlerMethod.invokeAndHandle(ServletInvocableHandlerMethod.java:117)
	at org.springframework.web.servlet.mvc.method.annotation.RequestMappingHandlerAdapter.invokeHandlerMethod(RequestMappingHandlerAdapter.java:895)
	at org.springframework.web.servlet.mvc.method.annotation.RequestMappingHandlerAdapter.handleInternal(RequestMappingHandlerAdapter.java:808)
	at org.springframework.web.servlet.mvc.method.AbstractHandlerMethodAdapter.handle(AbstractHandlerMethodAdapter.java:87)
	at org.springframework.web.servlet.DispatcherServlet.doDispatch(DispatcherServlet.java:1071)
	at org.springframework.web.servlet.DispatcherServlet.doService(DispatcherServlet.java:964)
	at org.springframework.web.servlet.FrameworkServlet.processRequest(FrameworkServlet.java:1006)
	at org.springframework.web.servlet.FrameworkServlet.doPost(FrameworkServlet.java:909)
	at javax.servlet.http.HttpServlet.service(HttpServlet.java:696)
	at org.springframework.web.servlet.FrameworkServlet.service(FrameworkServlet.java:883)
	at javax.servlet.http.HttpServlet.service(HttpServlet.java:779)
	at org.apache.catalina.core.ApplicationFilterChain.internalDoFilter(ApplicationFilterChain.java:227)
	at org.apache.catalina.core.ApplicationFilterChain.doFilter(ApplicationFilterChain.java:162)
	at org.apache.tomcat.websocket.server.WsFilter.doFilter(WsFilter.java:53)
	at org.apache.catalina.core.ApplicationFilterChain.internalDoFilter(ApplicationFilterChain.java:189)
	at org.apache.catalina.core.ApplicationFilterChain.doFilter(ApplicationFilterChain.java:162)
	at org.springframework.web.filter.RequestContextFilter.doFilterInternal(RequestContextFilter.java:100)
	at org.springframework.web.filter.OncePerRequestFilter.doFilter(OncePerRequestFilter.java:117)
	at org.apache.catalina.core.ApplicationFilterChain.internalDoFilter(ApplicationFilterChain.java:189)
	at org.apache.catalina.core.ApplicationFilterChain.doFilter(ApplicationFilterChain.java:162)
	at org.springframework.web.filter.FormContentFilter.doFilterInternal(FormContentFilter.java:93)
	at org.springframework.web.filter.OncePerRequestFilter.doFilter(OncePerRequestFilter.java:117)
	at org.apache.catalina.core.ApplicationFilterChain.internalDoFilter(ApplicationFilterChain.java:189)
	at org.apache.catalina.core.ApplicationFilterChain.doFilter(ApplicationFilterChain.java:162)
	at org.springframework.web.filter.CharacterEncodingFilter.doFilterInternal(CharacterEncodingFilter.java:201)
	at org.springframework.web.filter.OncePerRequestFilter.doFilter(OncePerRequestFilter.java:117)
	at org.apache.catalina.core.ApplicationFilterChain.internalDoFilter(ApplicationFilterChain.java:189)
	at org.apache.catalina.core.ApplicationFilterChain.doFilter(ApplicationFilterChain.java:162)
	at org.apache.catalina.core.StandardWrapperValve.invoke(StandardWrapperValve.java:177)
	at org.apache.catalina.core.StandardContextValve.invoke(StandardContextValve.java:97)
	at org.apache.catalina.authenticator.AuthenticatorBase.invoke(AuthenticatorBase.java:541)
	at org.apache.catalina.core.StandardHostValve.invoke(StandardHostValve.java:135)
	at org.apache.catalina.valves.ErrorReportValve.invoke(ErrorReportValve.java:92)
	at org.apache.catalina.core.StandardEngineValve.invoke(StandardEngineValve.java:78)
	at org.apache.catalina.connector.CoyoteAdapter.service(CoyoteAdapter.java:360)
	at org.apache.coyote.http11.Http11Processor.service(Http11Processor.java:399)
	at org.apache.coyote.AbstractProcessorLight.process(AbstractProcessorLight.java:65)
	at org.apache.coyote.AbstractProtocol$ConnectionHandler.process(AbstractProtocol.java:891)
	at org.apache.tomcat.util.net.NioEndpoint$SocketProcessor.doRun(NioEndpoint.java:1784)
	at org.apache.tomcat.util.net.SocketProcessorBase.run(SocketProcessorBase.java:49)
	at org.apache.tomcat.util.threads.ThreadPoolExecutor.runWorker(ThreadPoolExecutor.java:1191)
	at org.apache.tomcat.util.threads.ThreadPoolExecutor$Worker.run(ThreadPoolExecutor.java:659)
	at org.apache.tomcat.util.threads.TaskThread$WrappingRunnable.run(TaskThread.java:61)
	at java.base/java.lang.Thread.run(Thread.java:834)
2024-10-31 09:57:00,136 DEBUG [http-nio-9990-exec-1] o.s.w.s.DispatcherServlet [LogFormatUtils.java:119] 
"ERROR" dispatch for POST "/error", parameters={}
2024-10-31 09:57:00,138 DEBUG [http-nio-9990-exec-1] o.s.w.s.m.m.a.RequestMappingHandlerMapping [AbstractHandlerMapping.java:522] 
Mapped to org.springframework.boot.autoconfigure.web.servlet.error.BasicErrorController#error(HttpServletRequest)
2024-10-31 09:57:00,160 DEBUG [http-nio-9990-exec-1] o.s.w.s.m.m.a.HttpEntityMethodProcessor [AbstractMessageConverterMethodProcessor.java:268] 
Using 'application/json', given [*/*] and supported [application/json, application/*+json, application/json, application/*+json]
2024-10-31 09:57:00,161 DEBUG [http-nio-9990-exec-1] o.s.w.s.m.m.a.HttpEntityMethodProcessor [LogFormatUtils.java:119] 
Writing [{timestamp=Thu Oct 31 09:57:00 GST 2024, status=500, error=Internal Server Error, path=/api/v2/getCo (truncated)...]
2024-10-31 09:57:00,211 INFO [http-nio-9990-exec-1] c.n.a.p.AuditLogProcessor [AuditLogProcessor.java:31] 
Auditing records in AuditData Processor.
2024-10-31 09:57:00,280 ERROR [pool-3-thread-1] c.n.a.p.AuditLogProcessor [AuditLogProcessor.java:87] 
Exception while Auditing records null
2024-10-31 09:57:00,282 DEBUG [http-nio-9990-exec-1] o.s.w.s.DispatcherServlet [FrameworkServlet.java:1127] 
Exiting from "ERROR" dispatch, status 500
2024-10-31 09:58:14,552 INFO [RMI TCP Connection(9)-127.0.0.1] o.s.b.a.SpringApplicationAdminMXBeanRegistrar$SpringApplicationAdmin [SpringApplicationAdminMXBeanRegistrar.java:159] 
Application shutdown requested.
2024-10-31 09:58:14,553 DEBUG [RMI TCP Connection(9)-127.0.0.1] o.s.b.a.ApplicationAvailabilityBean [ApplicationAvailabilityBean.java:77] 
Application availability state ReadinessState changed from ACCEPTING_TRAFFIC to REFUSING_TRAFFIC
2024-10-31 09:58:14,553 DEBUG [RMI TCP Connection(9)-127.0.0.1] o.s.b.w.s.c.AnnotationConfigServletWebServerApplicationContext [AbstractApplicationContext.java:1049] 
Closing org.springframework.boot.web.servlet.context.AnnotationConfigServletWebServerApplicationContext@6175619b, started on Thu Oct 31 09:56:16 GST 2024
2024-10-31 09:58:14,555 DEBUG [RMI TCP Connection(9)-127.0.0.1] o.s.c.s.DefaultLifecycleProcessor [DefaultLifecycleProcessor.java:365] 
Stopping beans in phase 2147483647
2024-10-31 09:58:14,558 DEBUG [RMI TCP Connection(9)-127.0.0.1] o.s.c.s.DefaultLifecycleProcessor [DefaultLifecycleProcessor.java:238] 
Bean 'webServerGracefulShutdown' completed its stop procedure
2024-10-31 09:58:14,558 DEBUG [RMI TCP Connection(9)-127.0.0.1] o.s.c.s.DefaultLifecycleProcessor [DefaultLifecycleProcessor.java:365] 
Stopping beans in phase 2147483646
